## Hypridle

```
 lf @ repo: nix ❄️ ❯ hypridle
[LOG] Registered timeout rule for 540s:
      on-timeout: notify-send -i "/home/lf/.config/swaync/images/ja.png" " You are idle!"
      on-resume: notify-send -i "/home/lf/.config/swaync/images/ja.png" " Oh! you're Back" " Hello !!!"
[LOG] Registered timeout rule for 600s:
      on-timeout: loginctl lock-session
      on-resume:
[LOG]   | got iface: wl_seat v9
[LOG]    > Bound to wl_seat v9
[LOG]   | got iface: wl_data_device_manager v3
[LOG]   | got iface: wl_compositor v6
[LOG]   | got iface: wl_subcompositor v1
[LOG]   | got iface: wl_shm v1
[LOG]   | got iface: wp_viewporter v1
[LOG]   | got iface: wp_tearing_control_manager_v1 v1
[LOG]   | got iface: wp_fractional_scale_manager_v1 v1
[LOG]   | got iface: zxdg_output_manager_v1 v3
[LOG]   | got iface: wp_cursor_shape_manager_v1 v1
[LOG]   | got iface: zwp_idle_inhibit_manager_v1 v1
[LOG]   | got iface: zwp_relative_pointer_manager_v1 v1
[LOG]   | got iface: zxdg_decoration_manager_v1 v1
[LOG]   | got iface: wp_alpha_modifier_v1 v1
[LOG]   | got iface: zwlr_gamma_control_manager_v1 v1
[LOG]   | got iface: ext_foreign_toplevel_list_v1 v1
[LOG]   | got iface: zwp_pointer_gestures_v1 v3
[LOG]   | got iface: zwlr_foreign_toplevel_manager_v1 v3
[LOG]   | got iface: zwp_keyboard_shortcuts_inhibit_manager_v1 v1
[LOG]   | got iface: zwp_text_input_manager_v1 v1
[LOG]   | got iface: zwp_text_input_manager_v3 v1
[LOG]   | got iface: zwp_pointer_constraints_v1 v1
[LOG]   | got iface: zwlr_output_power_manager_v1 v1
[LOG]   | got iface: xdg_activation_v1 v1
[LOG]   | got iface: ext_idle_notifier_v1 v2
[LOG]    > Bound to ext_idle_notifier_v1 v2
[LOG]   | got iface: hyprland_lock_notifier_v1 v1
[LOG]    > Bound to hyprland_lock_notifier_v1 v1
[LOG]   | got iface: ext_session_lock_manager_v1 v1
[LOG]   | got iface: zwp_input_method_manager_v2 v1
[LOG]   | got iface: zwp_virtual_keyboard_manager_v1 v1
[LOG]   | got iface: zwlr_virtual_pointer_manager_v1 v2
[LOG]   | got iface: zwlr_output_manager_v1 v4
[LOG]   | got iface: org_kde_kwin_server_decoration_manager v1
[LOG]   | got iface: hyprland_focus_grab_manager_v1 v1
[LOG]   | got iface: zwp_tablet_manager_v2 v1
[LOG]   | got iface: zwlr_layer_shell_v1 v5
[LOG]   | got iface: wp_presentation v1
[LOG]   | got iface: xdg_wm_base v6
[LOG]   | got iface: zwlr_data_control_manager_v1 v2
[LOG]   | got iface: zwp_primary_selection_device_manager_v1 v1
[LOG]   | got iface: xwayland_shell_v1 v1
[LOG]   | got iface: zwlr_screencopy_manager_v1 v3
[LOG]   | got iface: hyprland_toplevel_export_manager_v1 v2
[LOG]   | got iface: hyprland_toplevel_mapping_manager_v1 v1
[LOG]   | got iface: hyprland_global_shortcuts_manager_v1 v1
[LOG]   | got iface: xdg_wm_dialog_v1 v1
[LOG]   | got iface: wp_single_pixel_buffer_manager_v1 v1
[LOG]   | got iface: wp_security_context_manager_v1 v1
[LOG]   | got iface: hyprland_ctm_control_manager_v1 v2
[LOG]   | got iface: hyprland_surface_manager_v1 v2
[LOG]   | got iface: wp_content_type_manager_v1 v1
[LOG]   | got iface: xdg_toplevel_tag_manager_v1 v1
[LOG]   | got iface: xdg_system_bell_v1 v1
[LOG]   | got iface: wp_color_manager_v1 v1
[LOG]   | got iface: wp_drm_lease_device_v1 v1
[LOG]   | got iface: wp_linux_drm_syncobj_manager_v1 v1
[LOG]   | got iface: wl_drm v2
[LOG]   | got iface: zwp_linux_dmabuf_v1 v5
[LOG]   | got iface: wl_output v4
[LOG]   | got iface: wl_output v4
[LOG] found 2 rules
[LOG] wayland done, registering dbus
[LOG] Sleep inhibition enabled - inhibiting until the wayland session gets locked
[LOG] Using dbus path /org/freedesktop/login1/session/_33
[ERR] Couldn't connect to session dbus
err: [org.freedesktop.DBus.Error.FileExists] Failed to request bus name (File exists)
[LOG] Inhibited sleep with fd 10
```


## VScode
[PTY Host ]
The connection to the terminals PTY host process is unresponsive,
terminals may stop working.

## journalctl -xb

```
Jul 14 08:49:53 lf-nix .xdg-desktop-po[2609]: Unhandled parent window type
Jul 14 08:49:53 lf-nix .xdg-desktop-po[2609]: Failed to associate portal window with parent window

Jul 14 08:53:08 lf-nix kernel: R13: 00007f9b47950140 R14: 000000000000000c R15: 00007f9b43971400
Jul 14 08:53:08 lf-nix kernel:  </TASK>
Jul 14 08:53:08 lf-nix kernel: INFO: task pet:20155 blocked for more than 122 seconds.
Jul 14 08:53:08 lf-nix kernel:       Not tainted 6.15.4 #1-NixOS
Jul 14 08:53:08 lf-nix kernel: "echo 0 > /proc/sys/kernel/hung_task_timeout_secs" disables this message.
Jul 14 08:53:08 lf-nix kernel: task:pet             state:D stack:0     pid:20155 tgid:20068 ppid:7791   task_flags:0x400040 flags:0x00004000

Jul 14 08:53:08 lf-nix kernel: Call Trace:
Jul 14 08:53:08 lf-nix kernel:  <TASK>
Jul 14 08:53:08 lf-nix kernel:  __schedule+0x465/0x1300
Jul 14 08:53:08 lf-nix kernel:  ? kmem_cache_alloc_lru_noprof+0x3c7/0x400
Jul 14 08:53:08 lf-nix kernel:  schedule+0x27/0xd0
Jul 14 08:53:08 lf-nix kernel:  d_alloc_parallel+0x349/0x430
Jul 14 08:53:08 lf-nix kernel:  ? __pfx_default_wake_function+0x10/0x10
Jul 14 08:53:08 lf-nix kernel:  __lookup_slow+0x63/0x140
Jul 14 08:53:08 lf-nix kernel:  walk_component+0xdb/0x150
Jul 14 08:53:08 lf-nix kernel:  path_lookupat+0x67/0x1b0
Jul 14 08:53:08 lf-nix kernel:  filename_lookup+0xf4/0x210
Jul 14 08:53:08 lf-nix kernel:  ? __pfx_page_put_link+0x10/0x10
Jul 14 08:53:08 lf-nix kernel:  vfs_statx+0x80/0x170
Jul 14 08:53:08 lf-nix kernel:  __do_sys_newstat+0x58/0xb0
Jul 14 08:53:08 lf-nix kernel:  do_syscall_64+0xb7/0x210
Jul 14 08:53:08 lf-nix kernel:  entry_SYSCALL_64_after_hwframe+0x77/0x7f
Jul 14 08:53:08 lf-nix kernel: RIP: 0033:0x7f9b4795287e
Jul 14 08:53:08 lf-nix kernel: RSP: 002b:00007f9b469ccd50 EFLAGS: 00000246 ORIG_RAX: 0000000000000004
Jul 14 08:53:08 lf-nix kernel: RAX: ffffffffffffffda RBX: 00007f9b469ccfb0 RCX: 00007f9b4795287e
Jul 14 08:53:08 lf-nix kernel: RDX: 00007f9b469ccd80 RSI: 00007f9b469ccd80 RDI: 00007f9b469cce30
Jul 14 08:53:08 lf-nix kernel: RBP: 00007f9b469cce30 R08: 00007f9b47a449c0 R09: 00000000ffffff9c
Jul 14 08:53:08 lf-nix kernel: R10: 00007f9b47a449cc R11: 0000000000000246 R12: 00007f9b47a449c0
Jul 14 08:53:08 lf-nix kernel: R13: 0000000000203000 R14: 0000000000000008 R15: 00007f9b469cce30
Jul 14 08:53:08 lf-nix kernel:  </TASK>
Jul 14 08:53:08 lf-nix kernel: INFO: task pet:20159 blocked for more than 122 seconds.
Jul 14 08:53:08 lf-nix kernel:       Not tainted 6.15.4 #1-NixOS
Jul 14 08:53:08 lf-nix kernel: "echo 0 > /proc/sys/kernel/hung_task_timeout_secs" disables this message.
Jul 14 08:53:08 lf-nix kernel: task:pet             state:D stack:0     pid:20159 tgid:20068 ppid:7791   task_flags:0x400040 flags:0x00004000
Jul 14 08:53:08 lf-nix kernel: Call Trace:
Jul 14 08:53:08 lf-nix kernel:  <TASK>
Jul 14 08:53:08 lf-nix kernel:  __schedule+0x465/0x1300
Jul 14 08:53:08 lf-nix kernel:  ? kmem_cache_alloc_lru_noprof+0x3c7/0x400
Jul 14 08:53:08 lf-nix kernel:  schedule+0x27/0xd0
Jul 14 08:53:08 lf-nix kernel:  d_alloc_parallel+0x349/0x430
Jul 14 08:53:08 lf-nix kernel:  ? __pfx_default_wake_function+0x10/0x10
Jul 14 08:53:08 lf-nix kernel:  __lookup_slow+0x63/0x140
Jul 14 08:53:08 lf-nix kernel:  walk_component+0xdb/0x150
Jul 14 08:53:08 lf-nix kernel:  path_lookupat+0x67/0x1b0
Jul 14 08:53:08 lf-nix kernel:  filename_lookup+0xf4/0x210
Jul 14 08:53:08 lf-nix kernel:  ? __pfx_page_put_link+0x10/0x10
Jul 14 08:53:08 lf-nix kernel:  vfs_statx+0x80/0x170
Jul 14 08:53:08 lf-nix kernel:  __do_sys_newstat+0x58/0xb0
Jul 14 08:53:08 lf-nix kernel:  do_syscall_64+0xb7/0x210
Jul 14 08:53:08 lf-nix kernel:  entry_SYSCALL_64_after_hwframe+0x77/0x7f
Jul 14 08:53:08 lf-nix kernel: RIP: 0033:0x7f9b4795287e
Jul 14 08:53:08 lf-nix kernel: RSP: 002b:00007f9b44785d50 EFLAGS: 00000246 ORIG_RAX: 0000000000000004
Jul 14 08:53:08 lf-nix kernel: RAX: ffffffffffffffda RBX: 00007f9b44785fb0 RCX: 00007f9b4795287e
Jul 14 08:53:08 lf-nix kernel: RDX: 00007f9b44785d80 RSI: 00007f9b44785d80 RDI: 00007f9b44785e30
Jul 14 08:53:08 lf-nix kernel: RBP: 00007f9b44785e30 R08: 00007f9b467c7560 R09: 00000000ffffff9c
Jul 14 08:53:08 lf-nix kernel: R10: 00007f9b46fc856c R11: 0000000000000246 R12: 00007f9b46fc8550
Jul 14 08:53:08 lf-nix kernel: R13: 0000000000203000 R14: 000000000000000c R15: 00007f9b44785e30
Jul 14 08:53:08 lf-nix kernel:  </TASK>
Jul 14 08:53:43 lf-nix .xdg-desktop-po[2609]: Unhandled parent window type
Jul 14 08:53:43 lf-nix .xdg-desktop-po[2609]: Failed to associate portal window with parent window
Jul 14 08:53:43 lf-nix systemd[1]: Starting Hostname Service...
░░ Subject: A start job for unit systemd-hostnamed.service has begun execution
░░ Defined-By: systemd
░░ Support: https://lists.freedesktop.org/mailman/listinfo/systemd-devel
░░
░░ A start job for unit systemd-hostnamed.service has begun execution.
░░
░░ The job identifier is 7275.
Jul 14 08:53:49 lf-nix uwsm_Hyprland[2287]: *** BUG ***
Jul 14 08:53:49 lf-nix uwsm_Hyprland[2287]: In pixman_region32_union_rect: Invalid rectangle passed
Jul 14 08:53:49 lf-nix uwsm_Hyprland[2287]: Set a breakpoint on '_pixman_log_error' to debug
Jul 14 08:53:49 lf-nix uwsm_Hyprland[2287]: *** BUG ***
Jul 14 08:53:49 lf-nix uwsm_Hyprland[2287]: In pixman_region32_init_rect: Invalid rectangle passed
Jul 14 08:53:49 lf-nix uwsm_Hyprland[2287]: Set a breakpoint on '_pixman_log_error' to debug
Jul 14 08:53:50 lf-nix uwsm_Hyprland[2287]: *** BUG ***
Jul 14 08:53:50 lf-nix uwsm_Hyprland[2287]: In pixman_region32_union_rect: Invalid rectangle passed
Jul 14 08:53:50 lf-nix uwsm_Hyprland[2287]: Set a breakpoint on '_pixman_Jul 14 08:53:Jul 14 08:53:08 lf-nix kernel:  __do_sys_newstat+0x58/0xb0
Jul 14 08:53:08 lf-nix kernel:  do_syscall_64+0xb7/0x210
Jul 14 08:53:08 lf-nix kernel:  entry_SYSCALL_64_after_hwframe+0x77/0x7f
Jul 14 08:53:08 lf-nix kernel: RIP: 0033:0x7f9b4795287e
Jul 14 08:53:08 lf-nix kernel: RSP: 002b:00007f9b44785d50 EFLAGS: 00000246 ORIG_RAX: >
Jul 14 08:53:08 lf-nix kernel: RAX: ffffffffffffffda RBX: 00007f9b44785fb0 RCX: 00007>
Jul 14 08:53:08 lf-nix kernel: RDX: 00007f9b44785d80 RSI: 00007f9b44785d80 RDI: 00007>
Jul 14 08:53:08 lf-nix kernel: RBP: 00007f9b44785e30 R08: 00007f9b467c7560 R09: 00000>
Jul 14 08:53:08 lf-nix kernel: R10: 00007f9b46fc856c R11: 0000000000000246 R12: 00007>
Jul 14 08:53:08 lf-nix kernel: R13: 0000000000203000 R14: 000000000000000c R15: 00007>
Jul 14 08:53:08 lf-nix kernel:  </TASK>
Jul 14 08:53:43 lf-nix .xdg-desktop-po[2609]: Unhandled parent window type
Jul 14 08:53:43 lf-nix .xdg-desktop-po[2609]: Failed to associate portal window withJuJul 14 08:53:08 lf-nix kernel:  __do_sys_newstat+0x58/0xb0
Jul 14 08:53:08 lf-nix kernel:  do_syscall_64+0xb7/0x210
Jul 14 08:53:08 lf-nix kernel:  entry_SYSCALL_64_after_hwframe+0x77/0x7f
Jul 14 08:53:08 lf-nix kernel: RIP: 0033:0x7f9b4795287e
Jul 14 08:53:08 lf-nix kernel: RSP: 002b:00007f9b44785d50 EFLAGS: 00000246 ORIG_RAX: >
Jul 14 08:53:08 lf-nix kernel: RAX: ffffffffffffffda RBX: 00007f9b44785fb0 RCX: 00007>
Jul 14 08:53:08 lf-nix kernel: RDX: 00007f9b44785d80 RSI: 00007f9b44785d80 RDI: 00007>
Jul 14 08:53:08 lf-nix kernel: RBP: 00007f9b44785e30 R08: 00007f9b467c7560 R09: 00000>
Jul 14 08:53:08 lf-nix kernel: R10: 00007f9b46fc856c R11: 0000000000000246 R12: 00007>
Jul 14 08:53:08 lf-nix kernel: R13: 0000000000203000 R14: 000000000000000c R15: 00007>
Jul 14 08:53:08 lf-nix kernel:  </TASK>
Jul 14 08:53:43 lf-nix .xdg-desktop-po[2609]: Unhandled parent window type
Jul 14 08:53:43 lf-nix .xdg-desktop-po[2609]: Failed to associate portal window with >
Jul 14 08:53:43 lf-nix systemd[1]: Starting Hostname Service...
░░ Subject: A start job for unit systemd-hostnamed.service has begun execution
░░ Defined-By: systemd
░░ Support: https://lists.freedesktop.org/mailman/listinfo/systemd-devel
░░
░░ A start job for unit systemd-hostnamed.service has begun execution.
░░
░░ The job identifier is 7275.
Jul 14 08:53:49 lf-nix uwsm_Hyprland[2287]: *** BUG ***
Jul 14 08:53:49 lf-nix uwsm_Hyprland[2287]: In pixman_region32_union_rect: Invalid re>
Jul 14 08:53:49 lf-nix uwsm_Hyprland[2287]: Set a breakpoint on '_pixman_log_error' t>
Jul 14 08:53:49 lf-nix uwsm_Hyprland[2287]: *** BUG ***
Jul 14 08:53:49 lf-nix uwsm_Hyprland[2287]: In pixman_region32_init_rect: Invalid rec>
Jul 14 08:53:49 lf-nix uwsm_Hyprland[2287]: Set a breakpoint on '_pixman_log_error' t>
Jul 14 08:53:50 lf-nix uwsm_Hyprland[2287]: *** BUG ***
Jul 14 08:53:50 lf-nix uwsm_Hyprland[2287]: In pixman_region32_union_rect: Invalid re>
Jul 14 08:53:50 lf-nix uwsm_Hyprland[2287]: Set a breakpoint on '_pixman_log_error' t>
Jul 14 08:53:50 lf-nix uwsm_Hyprland[2287]: *** BUG ***
Jul 14 08:53:50 lf-nix uwsm_Hyprland[2287]: In pixman_region32_init_rect: Invalid rec>
Jul 14 08:53:50 lf-nix uwsm_Hyprland[2287]: Set a breakpoint on '_pixman_log_error' t>
Jul 14 08:53:50 lf-nix uwsm_Hyprland[2287]: *** BUG ***
Jul 14 08:53:50 lf-nix uwsm_Hyprland[2287]: In pixman_region32_union_rect: Invalid re>
Jul 14 08:53:50 lf-nix uwsm_Hyprland[2287]: Set a breakpoint on '_pixman_log_error' t>
Jul 14 08:53:50 lf-nix uwsm_Hyprland[2287]: *** BUG ***
Jul 14 08:53:50 lf-nix uwsm_Hyprland[2287]: In pixman_region32_init_rect: Invalid rec>
Jul 14 08:53:50 lf-nix uwsm_Hyprland[2287]: Set a breakpoint on '_pixman_log_error' t>


Jul 14 08:55:13 lf-nix systemd[1]: systemd-hostnamed.service: start operation timed o>
Jul 14 08:55:13 lf-nix systemd[1]: systemd-hostnamed.service: Failed with result 'tim>
░░ Subject: Unit failed
░░ Defined-By: systemd
░░ Support: https://lists.freedesktop.org/mailman/listinfo/systemd-devel
░░
░░ The unit systemd-hostnamed.service has entered the 'failed' state with result 'tim>
Jul 14 08:55:13 lf-nix systemd[1]: Failed to start Hostname Service.
░░ Subject: A start job for unit systemd-hostnamed.service has failed
░░ Defined-By: systemd
░░ Support: https://lists.freedesktop.org/mailman/listinfo/systemd-devel
░░
░░ A start job for unit systemd-hostnamed.service has finished with a failure.
░░
░░ The job identifier is 7275 and the job result is failed.
Jul 14 08:57:14 lf-nix kernel: INFO: task pet:20139 blocked for more than 368 seconds.
Jul 14 08:57:14 lf-nix kernel:       Not tainted 6.15.4 #1-NixOS
Jul 14 08:57:14 lf-nix kernel: "echo 0 > /proc/sys/kernel/hung_task_timeout_secs" dis>


```
