Running phase: unpackPhase
@nix { "action": "setPhase", "phase": "unpackPhase" }
unpacking source archive /nix/store/bnn85im46sh3pmsl6w823yx7m00b31xx-zen.linux-x86_64.tar.xz
source root is zen
setting SOURCE_DATE_EPOCH to timestamp 1750121517 of file "zen/zen-bin"
Running phase: patchPhase
@nix { "action": "setPhase", "phase": "patchPhase" }
Running phase: updateAutotoolsGnuConfigScriptsPhase
@nix { "action": "setPhase", "phase": "updateAutotoolsGnuConfigScriptsPhase" }
Running phase: configurePhase
@nix { "action": "setPhase", "phase": "configurePhase" }
no configure script, doing nothing
Running phase: buildPhase
@nix { "action": "setPhase", "phase": "buildPhase" }
no Makefile or custom buildPhase, doing nothing
Running phase: glibPreInstallPhase
@nix { "action": "setPhase", "phase": "glibPreInstallPhase" }
Running phase: installPhase
@nix { "action": "setPhase", "phase": "installPhase" }
Running phase: dropIconThemeCache
@nix { "action": "setPhase", "phase": "dropIconThemeCache" }
Running phase: fixupPhase
@nix { "action": "setPhase", "phase": "fixupPhase" }
shrinking RPATHs of ELF executables and libraries in /nix/store/8hpqrhm7gw0v32d10pmfikyr16mj6bjm-zen-browser-1.13.2b
shrinking /nix/store/8hpqrhm7gw0v32d10pmfikyr16mj6bjm-zen-browser-1.13.2b/lib/zen-browser/vaapitest
shrinking /nix/store/8hpqrhm7gw0v32d10pmfikyr16mj6bjm-zen-browser-1.13.2b/lib/zen-browser/pingsender
shrinking /nix/store/8hpqrhm7gw0v32d10pmfikyr16mj6bjm-zen-browser-1.13.2b/lib/zen-browser/libplds4.so
shrinking /nix/store/8hpqrhm7gw0v32d10pmfikyr16mj6bjm-zen-browser-1.13.2b/lib/zen-browser/libxul.so
shrinking /nix/store/8hpqrhm7gw0v32d10pmfikyr16mj6bjm-zen-browser-1.13.2b/lib/zen-browser/zen-bin
shrinking /nix/store/8hpqrhm7gw0v32d10pmfikyr16mj6bjm-zen-browser-1.13.2b/lib/zen-browser/libsoftokn3.so
shrinking /nix/store/8hpqrhm7gw0v32d10pmfikyr16mj6bjm-zen-browser-1.13.2b/lib/zen-browser/glxtest
shrinking /nix/store/8hpqrhm7gw0v32d10pmfikyr16mj6bjm-zen-browser-1.13.2b/lib/zen-browser/libsmime3.so
shrinking /nix/store/8hpqrhm7gw0v32d10pmfikyr16mj6bjm-zen-browser-1.13.2b/lib/zen-browser/libplc4.so
shrinking /nix/store/8hpqrhm7gw0v32d10pmfikyr16mj6bjm-zen-browser-1.13.2b/lib/zen-browser/libnss3.so
shrinking /nix/store/8hpqrhm7gw0v32d10pmfikyr16mj6bjm-zen-browser-1.13.2b/lib/zen-browser/liblgpllibs.so
shrinking /nix/store/8hpqrhm7gw0v32d10pmfikyr16mj6bjm-zen-browser-1.13.2b/lib/zen-browser/libmozavcodec.so
shrinking /nix/store/8hpqrhm7gw0v32d10pmfikyr16mj6bjm-zen-browser-1.13.2b/lib/zen-browser/libmozgtk.so
shrinking /nix/store/8hpqrhm7gw0v32d10pmfikyr16mj6bjm-zen-browser-1.13.2b/lib/zen-browser/libmozavutil.so
shrinking /nix/store/8hpqrhm7gw0v32d10pmfikyr16mj6bjm-zen-browser-1.13.2b/lib/zen-browser/gmp-clearkey/0.1/libclearkey.so
shrinking /nix/store/8hpqrhm7gw0v32d10pmfikyr16mj6bjm-zen-browser-1.13.2b/lib/zen-browser/libfreeblpriv3.so
shrinking /nix/store/8hpqrhm7gw0v32d10pmfikyr16mj6bjm-zen-browser-1.13.2b/lib/zen-browser/libmozwayland.so
shrinking /nix/store/8hpqrhm7gw0v32d10pmfikyr16mj6bjm-zen-browser-1.13.2b/lib/zen-browser/libnssutil3.so
shrinking /nix/store/8hpqrhm7gw0v32d10pmfikyr16mj6bjm-zen-browser-1.13.2b/lib/zen-browser/updater
shrinking /nix/store/8hpqrhm7gw0v32d10pmfikyr16mj6bjm-zen-browser-1.13.2b/lib/zen-browser/libnspr4.so
shrinking /nix/store/8hpqrhm7gw0v32d10pmfikyr16mj6bjm-zen-browser-1.13.2b/lib/zen-browser/libssl3.so
shrinking /nix/store/8hpqrhm7gw0v32d10pmfikyr16mj6bjm-zen-browser-1.13.2b/lib/zen-browser/zen
shrinking /nix/store/8hpqrhm7gw0v32d10pmfikyr16mj6bjm-zen-browser-1.13.2b/lib/zen-browser/libmozsandbox.so
shrinking /nix/store/8hpqrhm7gw0v32d10pmfikyr16mj6bjm-zen-browser-1.13.2b/lib/zen-browser/libgkcodecs.so
shrinking /nix/store/8hpqrhm7gw0v32d10pmfikyr16mj6bjm-zen-browser-1.13.2b/lib/zen-browser/libmozsqlite3.so
checking for references to /build/ in /nix/store/8hpqrhm7gw0v32d10pmfikyr16mj6bjm-zen-browser-1.13.2b...
patching script interpreter paths in /nix/store/8hpqrhm7gw0v32d10pmfikyr16mj6bjm-zen-browser-1.13.2b
automatically fixing dependencies for ELF files
{'add_existing': True,
 'append_rpaths': [],
 'extra_args': [],
 'ignore_missing': [],
 'keep_libc': False,
 'libs': [PosixPath('/nix/store/kyq89jb65673kmsl1fz3v3h40vzlb62l-auto-patchelf-hook/lib'),
          PosixPath('/nix/store/hdahk0qbx9i51wvpwy490mbs9nclxp4n-auto-patchelf-0-unstable-2024-08-14/lib'),
          PosixPath('/nix/store/dyqmjp3wzcxrwlqhzlzvlw12jir1snlh-binutils-wrapper-2.44/lib'),
          PosixPath('/nix/store/2jc1jmzis19adawjwhl8qhdvh7vlbk0q-patchelf-0.15.0/lib'),
          PosixPath('/nix/store/lmc7x75jvrca79fc2r2j1frmklzvh04h-update-autotools-gnu-config-scripts-hook/lib'),
          PosixPath('/nix/store/jjhw2phnaip4kg0qjas3x3fsaifi8y0w-no-broken-symlinks.sh/lib'),
          PosixPath('/nix/store/h9lc1dpi14z7is86ffhl3ld569138595-audit-tmpdir.sh/lib'),
          PosixPath('/nix/store/m54bmrhj6fqz8nds5zcj97w9s9bckc9v-compress-man-pages.sh/lib'),
          PosixPath('/nix/store/wgrbkkaldkrlrni33ccvm3b6vbxzb656-make-symlinks-relative.sh/lib'),
          PosixPath('/nix/store/5yzw0vhkyszf2d179m0qfkgxmp5wjjx4-move-docs.sh/lib'),
          PosixPath('/nix/store/fyaryjvghbkpfnsyw97hb3lyb37s1pd6-move-lib64.sh/lib'),
          PosixPath('/nix/store/kd4xwxjpjxi71jkm6ka0np72if9rm3y0-move-sbin.sh/lib'),
          PosixPath('/nix/store/pag6l61paj1dc9sv15l7bm5c17xn5kyk-move-systemd-user-units.sh/lib'),
          PosixPath('/nix/store/cmzya9irvxzlkh7lfy6i82gbp0saxqj3-multiple-outputs.sh/lib'),
          PosixPath('/nix/store/hxv896faph0rqxjq2ycxpcrbnngc95sz-patch-shebangs.sh/lib'),
          PosixPath('/nix/store/cickvswrvann041nqxb0rxilc46svw1n-prune-libtool-files.sh/lib'),
          PosixPath('/nix/store/xyff06pkhki3qy1ls77w10s0v79c9il0-reproducible-builds.sh/lib'),
          PosixPath('/nix/store/z7k98578dfzi6l3hsvbivzm7hfqlk0zc-set-source-date-epoch-to-latest.sh/lib'),
          PosixPath('/nix/store/pilsssjjdxvdphlg2h19p0bfx5q0jzkn-strip.sh/lib'),
          PosixPath('/nix/store/0fsnicvfpf55nkza12cjnad0w84d6ba7-gcc-wrapper-14.2.1.20250322/lib'),
          PosixPath('/nix/store/hhfm5fkvb1alg1np5a69m2qlcjqhr062-binutils-wrapper-2.44/lib'),
          PosixPath('/nix/store/mk3fc0zfifxbw3pcijhxijrbg13gq1yj-gtk+3-3.24.49-dev/lib'),
          PosixPath('/nix/store/bcwryswa2kjv4gs5mxhdxd3fbdp9acv4-at-spi2-core-2.56.2-dev/lib'),
          PosixPath('/nix/store/zl7qaz3glbl17nmxnl8gai1zx205470c-dbus-1.14.10-dev/lib'),
          PosixPath('/nix/store/bmr6h8wmrji5mvy3rk8lkfapj8n25i1j-expat-2.7.1-dev/lib'),
          PosixPath('/nix/store/j0bzxly2rvcym1zkhn393adiqcwn8np6-expat-2.7.1/lib'),
          PosixPath('/nix/store/yi0knhi2qccafj49a8yd76rizllzx7bd-dbus-1.14.10-lib/lib'),
          PosixPath('/nix/store/rys6134aqazihxi4g5ayc0ky829v7mf0-dbus-1.14.10/lib'),
          PosixPath('/nix/store/h181byhbm1sw49r449krkyj3a0n0ins2-glib-2.84.1-dev/lib'),
          PosixPath('/nix/store/cbdvjyn19y77m8l06n089x30v7irqz3j-zlib-1.3.1-dev/lib'),
          PosixPath('/nix/store/srby6wmvg7dp454pwb6qvaxdiri38sc1-zlib-1.3.1/lib'),
          PosixPath('/nix/store/93q4s105xxhzxf67r1wdd9vwwfi16rbb-libffi-3.4.8-dev/lib'),
          PosixPath('/nix/store/90c412b9wqhfny300rg5s2gpsbrqb31q-libffi-3.4.8/lib'),
          PosixPath('/nix/store/sdqvwr8gc74ms9cgf56yvy409xvl8hsf-gettext-0.22.5/lib'),
          PosixPath('/nix/store/7jlxzixay7l2dwmpcq8k4nsizy1m1ah3-glibc-iconv-2.40/lib'),
          PosixPath('/nix/store/3agp1rxrvm1xf4x6ylwp3lzxsdbi2baf-glib-2.84.1-bin/lib'),
          PosixPath('/nix/store/bkpj51fz88rbyjd60i6lrp0xdax1b24g-glib-2.84.1/lib'),
          PosixPath('/nix/store/jinw68shm2qwaawr42h0b5ysy5vijv9c-at-spi2-core-2.56.2/lib'),
          PosixPath('/nix/store/r8grdp3sh9zgl6g4b0c0kkd934q06mc6-cairo-1.18.2-dev/lib'),
          PosixPath('/nix/store/pnc1d1di32vfs0va1s5yf9h29b8rpqp6-fontconfig-2.16.0-dev/lib'),
          PosixPath('/nix/store/4cfzs10xfawx5c2xrgywgm4zlgkjzfbn-freetype-2.13.3-dev/lib'),
          PosixPath('/nix/store/6xdqw12jqln2zsbylw1jvcyazblfsrx4-bzip2-1.0.8-dev/lib'),
          PosixPath('/nix/store/1abbyfv3bpxalfjfgpmwg8jcy931bf76-bzip2-1.0.8-bin/lib'),
          PosixPath('/nix/store/zrnqzhcvlpiycqbswl0w172y4bpn0lb4-bzip2-1.0.8/lib'),
          PosixPath('/nix/store/slqvy0fgnwmvaq3bxmrvqclph8x909i2-brotli-1.1.0-dev/lib'),
          PosixPath('/nix/store/7a8gf62bfl22k4gy2cd300h7cvqmn9yl-brotli-1.1.0-lib/lib'),
          PosixPath('/nix/store/lh9n7inj7r4vvd9xjpa69fim46fi3wg7-brotli-1.1.0/lib'),
          PosixPath('/nix/store/hf1pr8lp8m29zb03fwp7kwp8j1xg3wln-libpng-apng-1.6.46-dev/lib'),
          PosixPath('/nix/store/y3x4m9wy3a731ibvgvs194j10znc392m-libpng-apng-1.6.46/lib'),
          PosixPath('/nix/store/5i64l61if26whc3r9lzq6ycxpd2xnlgm-freetype-2.13.3/lib'),
          PosixPath('/nix/store/64zabz1hxymxbcvp78hp9kacrygnf9l9-fontconfig-2.16.0-bin/lib'),
          PosixPath('/nix/store/ldn53xpxivf489d7z673c95fkihs5l8r-fontconfig-2.16.0-lib/lib'),
          PosixPath('/nix/store/r7sp55wajh5p7yh2ahgifr1c8jbqjgnl-pixman-0.44.2/lib'),
          PosixPath('/nix/store/ky5yyp5zxkaxg4pk55xwm0ga53av3n4j-libXext-1.3.6-dev/lib'),
          PosixPath('/nix/store/18w6fpxmn5px02bpfgk702bs9k7yj5ml-xorgproto-2024.1/lib'),
          PosixPath('/nix/store/v0xwxrp2q9dlb6rr7w3dcwy1pzqbd9y2-libXau-1.0.12-dev/lib'),
          PosixPath('/nix/store/psjc7gv2314bxncywpvsg76gvbk2dn00-libXau-1.0.12/lib'),
          PosixPath('/nix/store/gmirqf6vp6rskn2dhfyd7haphy6kjnvk-libXext-1.3.6/lib'),
          PosixPath('/nix/store/w0al2wra2s2yavli2pfqhmdcn7yb4hfh-libXrender-0.9.12-dev/lib'),
          PosixPath('/nix/store/zllk6n33p6mx8y9cf4vhs2brcbis3na4-libX11-1.8.12-dev/lib'),
          PosixPath('/nix/store/2l8jg5lpi7084sc1q33jmpd7fph41n2g-libxcb-1.17.0-dev/lib'),
          PosixPath('/nix/store/qn01pv62sbpzbsy0a6m0q23syrmkk3bv-libxcb-1.17.0/lib'),
          PosixPath('/nix/store/mpvxc1dbpnk74345lk69dw497iqcjvj0-libX11-1.8.12/lib'),
          PosixPath('/nix/store/pbg3xkihyscyx3978z0pfc0xixb10pf6-libXrender-0.9.12/lib'),
          PosixPath('/nix/store/41qbms27n02859ja4sc7wsd9mfp3ward-cairo-1.18.2/lib'),
          PosixPath('/nix/store/8vri3xykw8kdmnmynk6fli9hsvl7gcm5-fribidi-1.0.16-dev/lib'),
          PosixPath('/nix/store/719j8zd8g3pa5605b7a6w5csln323b1x-fribidi-1.0.16/lib'),
          PosixPath('/nix/store/l5szgijqaykv8yry7agr1ylpza3mp5z0-gdk-pixbuf-2.42.12-dev/lib'),
          PosixPath('/nix/store/38czj7fra8100cxzvdp0nmqrraz5shmh-libtiff-4.7.0-dev/lib'),
          PosixPath('/nix/store/amy9kqbm05wv18z5z66a3kprc2ccp390-libdeflate-1.23/lib'),
          PosixPath('/nix/store/fzzahpfx906qs6xdp9l9ycc70h6g1vsn-libjpeg-turbo-3.0.4-dev/lib'),
          PosixPath('/nix/store/1srbqcl86f67pk7gi0xhl75gv5fwjqpz-libjpeg-turbo-3.0.4-bin/lib'),
          PosixPath('/nix/store/9f6bvnw1hxy79shw6lva854ck3cmi43j-libjpeg-turbo-3.0.4/lib'),
          PosixPath('/nix/store/zr0hlr1hybxs08j44l38b8na1m8xpkms-libwebp-1.5.0/lib'),
          PosixPath('/nix/store/3z23sbqb38n97gx51w0668dbpd1xl6z8-xz-5.8.1-dev/lib'),
          PosixPath('/nix/store/98zamhd8d0jq3skqwz28dlgph94mrqir-xz-5.8.1-bin/lib'),
          PosixPath('/nix/store/pa60s415p92gnhv5ffz1bmfgzzfvhvd8-xz-5.8.1/lib'),
          PosixPath('/nix/store/x10zhllc0rhk1s1mhjvsrzvbg55802gj-zstd-1.5.7-dev/lib'),
          PosixPath('/nix/store/l9xn7mbn0wh0z7swfcfj1n56byvcrisw-zstd-1.5.7-bin/lib'),
          PosixPath('/nix/store/d8vq999dg607ha6718fimpakacfax0gd-zstd-1.5.7/lib'),
          PosixPath('/nix/store/drid7w6iaw4z7rqg09842lzsg0hjsb70-libtiff-4.7.0-bin/lib'),
          PosixPath('/nix/store/qzk9gj8jdl37xqiccxa98g442byp3rrq-libtiff-4.7.0/lib'),
          PosixPath('/nix/store/cdr8agx3ffy086z30wiysnclrc5m8x69-gdk-pixbuf-2.42.12/lib'),
          PosixPath('/nix/store/qs0qccw02m0jmf8m1i6f274v3cyni56z-gsettings-desktop-schemas-48.0/lib'),
          PosixPath('/nix/store/ckwwqi6p7x3w64qdhx14avy2vf8a4wiq-libICE-1.1.2-dev/lib'),
          PosixPath('/nix/store/bkm4ppw3rpyndsvy5r18fjpngg2730ip-libICE-1.1.2/lib'),
          PosixPath('/nix/store/d4icl77wfbz3y5py1yni18nmqwkrb4lr-libSM-1.2.5-dev/lib'),
          PosixPath('/nix/store/170jn0hjz46hab3376z1fj79vmn0nynm-libSM-1.2.5/lib'),
          PosixPath('/nix/store/6pmbnxnqf025j0kmf86f72g7mz73pqd5-libXcomposite-0.4.6-dev/lib'),
          PosixPath('/nix/store/0dgx7r74f17d9flbbr6wcrpvprc403gg-libXfixes-6.0.1-dev/lib'),
          PosixPath('/nix/store/21aj13sj7jg5ld96s3q7nd40s1iwzfld-libXfixes-6.0.1/lib'),
          PosixPath('/nix/store/2f3bymk7vw0xik1h31i1a66kq0s6fkfz-libXcomposite-0.4.6/lib'),
          PosixPath('/nix/store/crflxz9k6ns9867pdvgqfx7sk8480iv3-libXcursor-1.2.3-dev/lib'),
          PosixPath('/nix/store/pkxrqwd26nqr7gh9d4gi9wf7hj6rk29a-libXcursor-1.2.3/lib'),
          PosixPath('/nix/store/5p0w1ckm8k01ff551gkjkxjz8ldvwvm9-libXdamage-1.1.6-dev/lib'),
          PosixPath('/nix/store/0k22jqadc3f6nv17myymx0px6k4dsq8q-libXdamage-1.1.6/lib'),
          PosixPath('/nix/store/xshf6q24a68pyl7drky8nnfhkbcrg8zf-libXi-1.8.2-dev/lib'),
          PosixPath('/nix/store/4sfqx63v2k8argz2wmnbspr0rh49y1c1-libXi-1.8.2/lib'),
          PosixPath('/nix/store/k75dyzqhlwm93xq37szypw5jq0y1s9p8-libXrandr-1.5.4-dev/lib'),
          PosixPath('/nix/store/0jiignrsjnmzagq2mjd0mjqmjrm2r0rg-libXrandr-1.5.4/lib'),
          PosixPath('/nix/store/wm5qfcxw5y17n0slpf4why9qk0b1x2vz-pango-1.56.3-dev/lib'),
          PosixPath('/nix/store/hys7i41g8m57c3qxzx9pz45wmhiq0c78-harfbuzz-10.2.0-dev/lib'),
          PosixPath('/nix/store/ka3bk5zirm9jxd63n9scjlvcxm9kyqsx-graphite2-1.3.14-dev/lib'),
          PosixPath('/nix/store/088li1j480s9yv1736wiz7a26bxi405w-graphite2-1.3.14/lib'),
          PosixPath('/nix/store/8bsl1vrab2pwj8ilpzfn2iwzbrps8jgq-harfbuzz-10.2.0/lib'),
          PosixPath('/nix/store/vrikvxpglqkvc2k9bs6f4mv1j8rkvdhi-libXft-2.3.9-dev/lib'),
          PosixPath('/nix/store/gs6syc444yjbg5ivf36sn535chg6mkrx-libXft-2.3.9/lib'),
          PosixPath('/nix/store/slzma71rl5kvz1zvyan7d8qcpll9fjpw-pango-1.56.3-bin/lib'),
          PosixPath('/nix/store/z0kbsgnma0mijn5ssqfi3dk9z28bqlwj-pango-1.56.3/lib'),
          PosixPath('/nix/store/y0c6p6cxq0nyh09lw0lpwps5i3dn1v6n-libglvnd-1.7.0-dev/lib'),
          PosixPath('/nix/store/z88avybj8n2svi9wv1hl937k2k3mbc2d-libglvnd-1.7.0/lib'),
          PosixPath('/nix/store/17mijr1mvgcz2mh22rs7h8qmipwf3m7w-wayland-1.23.1-dev/lib'),
          PosixPath('/nix/store/mxyi7nahmxs41d2xnyfx9kvanqh3p706-wayland-1.23.1/lib'),
          PosixPath('/nix/store/x2axjgadd07gidd3f9paplyp2rapmq4m-wayland-protocols-1.44/lib'),
          PosixPath('/nix/store/mb8khia6fmk0qf3ddcw2hdrdqyqg1qqw-libXinerama-1.1.5-dev/lib'),
          PosixPath('/nix/store/argsq168sn1bzp81indp4hijx0zmlm7n-libXinerama-1.1.5/lib'),
          PosixPath('/nix/store/n1fxpvhld6bzspgnqfs97j3aall89ggs-cups-2.4.11-dev/lib'),
          PosixPath('/nix/store/hv4fzwsp6pvq05ddzkarq6xkck658sl7-gmp-with-cxx-6.3.0-dev/lib'),
          PosixPath('/nix/store/kxhsmlrscry4pvbpwkbbbxsksmzg0gp0-gmp-with-cxx-6.3.0/lib'),
          PosixPath('/nix/store/dfrcqkg433x11sx4r27qy8pv0dcq9x2g-cups-2.4.11-lib/lib'),
          PosixPath('/nix/store/1dca15318grmmab0jybganadpixapvxf-cups-2.4.11/lib'),
          PosixPath('/nix/store/42dlyn8qbxdp55gxd35xymik0nhy0hdw-gtk+3-3.24.49/lib'),
          PosixPath('/nix/store/kcgqglb4iax0zh5jlrxmjdik93wlgsrq-openssl-3.4.1-dev/lib'),
          PosixPath('/nix/store/rjzx8v679rwd6dsb6s08iy3j2rrax72s-openssl-3.4.1-bin/lib'),
          PosixPath('/nix/store/8pviily4fgsl02ijm65binz236717wfs-openssl-3.4.1/lib'),
          PosixPath('/nix/store/p6bg7qnyh6k15bn9nzzl1d83k6vjnygk-librsvg-2.60.0-dev/lib'),
          PosixPath('/nix/store/14spdmgq38vmzywkkm65s65ab6923y6p-librsvg-2.60.0/lib'),
          PosixPath('/nix/store/kyq89jb65673kmsl1fz3v3h40vzlb62l-auto-patchelf-hook/lib'),
          PosixPath('/nix/store/hdahk0qbx9i51wvpwy490mbs9nclxp4n-auto-patchelf-0-unstable-2024-08-14/lib'),
          PosixPath('/nix/store/dyqmjp3wzcxrwlqhzlzvlw12jir1snlh-binutils-wrapper-2.44/lib'),
          PosixPath('/nix/store/2jc1jmzis19adawjwhl8qhdvh7vlbk0q-patchelf-0.15.0/lib'),
          PosixPath('/nix/store/lmc7x75jvrca79fc2r2j1frmklzvh04h-update-autotools-gnu-config-scripts-hook/lib'),
          PosixPath('/nix/store/jjhw2phnaip4kg0qjas3x3fsaifi8y0w-no-broken-symlinks.sh/lib'),
          PosixPath('/nix/store/h9lc1dpi14z7is86ffhl3ld569138595-audit-tmpdir.sh/lib'),
          PosixPath('/nix/store/m54bmrhj6fqz8nds5zcj97w9s9bckc9v-compress-man-pages.sh/lib'),
          PosixPath('/nix/store/wgrbkkaldkrlrni33ccvm3b6vbxzb656-make-symlinks-relative.sh/lib'),
          PosixPath('/nix/store/5yzw0vhkyszf2d179m0qfkgxmp5wjjx4-move-docs.sh/lib'),
          PosixPath('/nix/store/fyaryjvghbkpfnsyw97hb3lyb37s1pd6-move-lib64.sh/lib'),
          PosixPath('/nix/store/kd4xwxjpjxi71jkm6ka0np72if9rm3y0-move-sbin.sh/lib'),
          PosixPath('/nix/store/pag6l61paj1dc9sv15l7bm5c17xn5kyk-move-systemd-user-units.sh/lib'),
          PosixPath('/nix/store/cmzya9irvxzlkh7lfy6i82gbp0saxqj3-multiple-outputs.sh/lib'),
          PosixPath('/nix/store/hxv896faph0rqxjq2ycxpcrbnngc95sz-patch-shebangs.sh/lib'),
          PosixPath('/nix/store/cickvswrvann041nqxb0rxilc46svw1n-prune-libtool-files.sh/lib'),
          PosixPath('/nix/store/xyff06pkhki3qy1ls77w10s0v79c9il0-reproducible-builds.sh/lib'),
          PosixPath('/nix/store/z7k98578dfzi6l3hsvbivzm7hfqlk0zc-set-source-date-epoch-to-latest.sh/lib'),
          PosixPath('/nix/store/pilsssjjdxvdphlg2h19p0bfx5q0jzkn-strip.sh/lib'),
          PosixPath('/nix/store/0fsnicvfpf55nkza12cjnad0w84d6ba7-gcc-wrapper-14.2.1.20250322/lib'),
          PosixPath('/nix/store/hhfm5fkvb1alg1np5a69m2qlcjqhr062-binutils-wrapper-2.44/lib'),
          PosixPath('/nix/store/mk3fc0zfifxbw3pcijhxijrbg13gq1yj-gtk+3-3.24.49-dev/lib'),
          PosixPath('/nix/store/bcwryswa2kjv4gs5mxhdxd3fbdp9acv4-at-spi2-core-2.56.2-dev/lib'),
          PosixPath('/nix/store/zl7qaz3glbl17nmxnl8gai1zx205470c-dbus-1.14.10-dev/lib'),
          PosixPath('/nix/store/bmr6h8wmrji5mvy3rk8lkfapj8n25i1j-expat-2.7.1-dev/lib'),
          PosixPath('/nix/store/j0bzxly2rvcym1zkhn393adiqcwn8np6-expat-2.7.1/lib'),
          PosixPath('/nix/store/yi0knhi2qccafj49a8yd76rizllzx7bd-dbus-1.14.10-lib/lib'),
          PosixPath('/nix/store/rys6134aqazihxi4g5ayc0ky829v7mf0-dbus-1.14.10/lib'),
          PosixPath('/nix/store/h181byhbm1sw49r449krkyj3a0n0ins2-glib-2.84.1-dev/lib'),
          PosixPath('/nix/store/cbdvjyn19y77m8l06n089x30v7irqz3j-zlib-1.3.1-dev/lib'),
          PosixPath('/nix/store/srby6wmvg7dp454pwb6qvaxdiri38sc1-zlib-1.3.1/lib'),
          PosixPath('/nix/store/93q4s105xxhzxf67r1wdd9vwwfi16rbb-libffi-3.4.8-dev/lib'),
          PosixPath('/nix/store/90c412b9wqhfny300rg5s2gpsbrqb31q-libffi-3.4.8/lib'),
          PosixPath('/nix/store/sdqvwr8gc74ms9cgf56yvy409xvl8hsf-gettext-0.22.5/lib'),
          PosixPath('/nix/store/7jlxzixay7l2dwmpcq8k4nsizy1m1ah3-glibc-iconv-2.40/lib'),
          PosixPath('/nix/store/3agp1rxrvm1xf4x6ylwp3lzxsdbi2baf-glib-2.84.1-bin/lib'),
          PosixPath('/nix/store/bkpj51fz88rbyjd60i6lrp0xdax1b24g-glib-2.84.1/lib'),
          PosixPath('/nix/store/jinw68shm2qwaawr42h0b5ysy5vijv9c-at-spi2-core-2.56.2/lib'),
          PosixPath('/nix/store/r8grdp3sh9zgl6g4b0c0kkd934q06mc6-cairo-1.18.2-dev/lib'),
          PosixPath('/nix/store/pnc1d1di32vfs0va1s5yf9h29b8rpqp6-fontconfig-2.16.0-dev/lib'),
          PosixPath('/nix/store/4cfzs10xfawx5c2xrgywgm4zlgkjzfbn-freetype-2.13.3-dev/lib'),
          PosixPath('/nix/store/6xdqw12jqln2zsbylw1jvcyazblfsrx4-bzip2-1.0.8-dev/lib'),
          PosixPath('/nix/store/1abbyfv3bpxalfjfgpmwg8jcy931bf76-bzip2-1.0.8-bin/lib'),
          PosixPath('/nix/store/zrnqzhcvlpiycqbswl0w172y4bpn0lb4-bzip2-1.0.8/lib'),
          PosixPath('/nix/store/slqvy0fgnwmvaq3bxmrvqclph8x909i2-brotli-1.1.0-dev/lib'),
          PosixPath('/nix/store/7a8gf62bfl22k4gy2cd300h7cvqmn9yl-brotli-1.1.0-lib/lib'),
          PosixPath('/nix/store/lh9n7inj7r4vvd9xjpa69fim46fi3wg7-brotli-1.1.0/lib'),
          PosixPath('/nix/store/hf1pr8lp8m29zb03fwp7kwp8j1xg3wln-libpng-apng-1.6.46-dev/lib'),
          PosixPath('/nix/store/y3x4m9wy3a731ibvgvs194j10znc392m-libpng-apng-1.6.46/lib'),
          PosixPath('/nix/store/5i64l61if26whc3r9lzq6ycxpd2xnlgm-freetype-2.13.3/lib'),
          PosixPath('/nix/store/64zabz1hxymxbcvp78hp9kacrygnf9l9-fontconfig-2.16.0-bin/lib'),
          PosixPath('/nix/store/ldn53xpxivf489d7z673c95fkihs5l8r-fontconfig-2.16.0-lib/lib'),
          PosixPath('/nix/store/r7sp55wajh5p7yh2ahgifr1c8jbqjgnl-pixman-0.44.2/lib'),
          PosixPath('/nix/store/ky5yyp5zxkaxg4pk55xwm0ga53av3n4j-libXext-1.3.6-dev/lib'),
          PosixPath('/nix/store/18w6fpxmn5px02bpfgk702bs9k7yj5ml-xorgproto-2024.1/lib'),
          PosixPath('/nix/store/v0xwxrp2q9dlb6rr7w3dcwy1pzqbd9y2-libXau-1.0.12-dev/lib'),
          PosixPath('/nix/store/psjc7gv2314bxncywpvsg76gvbk2dn00-libXau-1.0.12/lib'),
          PosixPath('/nix/store/gmirqf6vp6rskn2dhfyd7haphy6kjnvk-libXext-1.3.6/lib'),
          PosixPath('/nix/store/w0al2wra2s2yavli2pfqhmdcn7yb4hfh-libXrender-0.9.12-dev/lib'),
          PosixPath('/nix/store/zllk6n33p6mx8y9cf4vhs2brcbis3na4-libX11-1.8.12-dev/lib'),
          PosixPath('/nix/store/2l8jg5lpi7084sc1q33jmpd7fph41n2g-libxcb-1.17.0-dev/lib'),
          PosixPath('/nix/store/qn01pv62sbpzbsy0a6m0q23syrmkk3bv-libxcb-1.17.0/lib'),
          PosixPath('/nix/store/mpvxc1dbpnk74345lk69dw497iqcjvj0-libX11-1.8.12/lib'),
          PosixPath('/nix/store/pbg3xkihyscyx3978z0pfc0xixb10pf6-libXrender-0.9.12/lib'),
          PosixPath('/nix/store/41qbms27n02859ja4sc7wsd9mfp3ward-cairo-1.18.2/lib'),
          PosixPath('/nix/store/8vri3xykw8kdmnmynk6fli9hsvl7gcm5-fribidi-1.0.16-dev/lib'),
          PosixPath('/nix/store/719j8zd8g3pa5605b7a6w5csln323b1x-fribidi-1.0.16/lib'),
          PosixPath('/nix/store/l5szgijqaykv8yry7agr1ylpza3mp5z0-gdk-pixbuf-2.42.12-dev/lib'),
          PosixPath('/nix/store/38czj7fra8100cxzvdp0nmqrraz5shmh-libtiff-4.7.0-dev/lib'),
          PosixPath('/nix/store/amy9kqbm05wv18z5z66a3kprc2ccp390-libdeflate-1.23/lib'),
          PosixPath('/nix/store/fzzahpfx906qs6xdp9l9ycc70h6g1vsn-libjpeg-turbo-3.0.4-dev/lib'),
          PosixPath('/nix/store/1srbqcl86f67pk7gi0xhl75gv5fwjqpz-libjpeg-turbo-3.0.4-bin/lib'),
          PosixPath('/nix/store/9f6bvnw1hxy79shw6lva854ck3cmi43j-libjpeg-turbo-3.0.4/lib'),
          PosixPath('/nix/store/zr0hlr1hybxs08j44l38b8na1m8xpkms-libwebp-1.5.0/lib'),
          PosixPath('/nix/store/3z23sbqb38n97gx51w0668dbpd1xl6z8-xz-5.8.1-dev/lib'),
          PosixPath('/nix/store/98zamhd8d0jq3skqwz28dlgph94mrqir-xz-5.8.1-bin/lib'),
          PosixPath('/nix/store/pa60s415p92gnhv5ffz1bmfgzzfvhvd8-xz-5.8.1/lib'),
          PosixPath('/nix/store/x10zhllc0rhk1s1mhjvsrzvbg55802gj-zstd-1.5.7-dev/lib'),
          PosixPath('/nix/store/l9xn7mbn0wh0z7swfcfj1n56byvcrisw-zstd-1.5.7-bin/lib'),
          PosixPath('/nix/store/d8vq999dg607ha6718fimpakacfax0gd-zstd-1.5.7/lib'),
          PosixPath('/nix/store/drid7w6iaw4z7rqg09842lzsg0hjsb70-libtiff-4.7.0-bin/lib'),
          PosixPath('/nix/store/qzk9gj8jdl37xqiccxa98g442byp3rrq-libtiff-4.7.0/lib'),
          PosixPath('/nix/store/cdr8agx3ffy086z30wiysnclrc5m8x69-gdk-pixbuf-2.42.12/lib'),
          PosixPath('/nix/store/qs0qccw02m0jmf8m1i6f274v3cyni56z-gsettings-desktop-schemas-48.0/lib'),
          PosixPath('/nix/store/ckwwqi6p7x3w64qdhx14avy2vf8a4wiq-libICE-1.1.2-dev/lib'),
          PosixPath('/nix/store/bkm4ppw3rpyndsvy5r18fjpngg2730ip-libICE-1.1.2/lib'),
          PosixPath('/nix/store/d4icl77wfbz3y5py1yni18nmqwkrb4lr-libSM-1.2.5-dev/lib'),
          PosixPath('/nix/store/170jn0hjz46hab3376z1fj79vmn0nynm-libSM-1.2.5/lib'),
          PosixPath('/nix/store/6pmbnxnqf025j0kmf86f72g7mz73pqd5-libXcomposite-0.4.6-dev/lib'),
          PosixPath('/nix/store/0dgx7r74f17d9flbbr6wcrpvprc403gg-libXfixes-6.0.1-dev/lib'),
          PosixPath('/nix/store/21aj13sj7jg5ld96s3q7nd40s1iwzfld-libXfixes-6.0.1/lib'),
          PosixPath('/nix/store/2f3bymk7vw0xik1h31i1a66kq0s6fkfz-libXcomposite-0.4.6/lib'),
          PosixPath('/nix/store/crflxz9k6ns9867pdvgqfx7sk8480iv3-libXcursor-1.2.3-dev/lib'),
          PosixPath('/nix/store/pkxrqwd26nqr7gh9d4gi9wf7hj6rk29a-libXcursor-1.2.3/lib'),
          PosixPath('/nix/store/5p0w1ckm8k01ff551gkjkxjz8ldvwvm9-libXdamage-1.1.6-dev/lib'),
          PosixPath('/nix/store/0k22jqadc3f6nv17myymx0px6k4dsq8q-libXdamage-1.1.6/lib'),
          PosixPath('/nix/store/xshf6q24a68pyl7drky8nnfhkbcrg8zf-libXi-1.8.2-dev/lib'),
          PosixPath('/nix/store/4sfqx63v2k8argz2wmnbspr0rh49y1c1-libXi-1.8.2/lib'),
          PosixPath('/nix/store/k75dyzqhlwm93xq37szypw5jq0y1s9p8-libXrandr-1.5.4-dev/lib'),
          PosixPath('/nix/store/0jiignrsjnmzagq2mjd0mjqmjrm2r0rg-libXrandr-1.5.4/lib'),
          PosixPath('/nix/store/wm5qfcxw5y17n0slpf4why9qk0b1x2vz-pango-1.56.3-dev/lib'),
          PosixPath('/nix/store/hys7i41g8m57c3qxzx9pz45wmhiq0c78-harfbuzz-10.2.0-dev/lib'),
          PosixPath('/nix/store/ka3bk5zirm9jxd63n9scjlvcxm9kyqsx-graphite2-1.3.14-dev/lib'),
          PosixPath('/nix/store/088li1j480s9yv1736wiz7a26bxi405w-graphite2-1.3.14/lib'),
          PosixPath('/nix/store/8bsl1vrab2pwj8ilpzfn2iwzbrps8jgq-harfbuzz-10.2.0/lib'),
          PosixPath('/nix/store/vrikvxpglqkvc2k9bs6f4mv1j8rkvdhi-libXft-2.3.9-dev/lib'),
          PosixPath('/nix/store/gs6syc444yjbg5ivf36sn535chg6mkrx-libXft-2.3.9/lib'),
          PosixPath('/nix/store/slzma71rl5kvz1zvyan7d8qcpll9fjpw-pango-1.56.3-bin/lib'),
          PosixPath('/nix/store/z0kbsgnma0mijn5ssqfi3dk9z28bqlwj-pango-1.56.3/lib'),
          PosixPath('/nix/store/y0c6p6cxq0nyh09lw0lpwps5i3dn1v6n-libglvnd-1.7.0-dev/lib'),
          PosixPath('/nix/store/z88avybj8n2svi9wv1hl937k2k3mbc2d-libglvnd-1.7.0/lib'),
          PosixPath('/nix/store/17mijr1mvgcz2mh22rs7h8qmipwf3m7w-wayland-1.23.1-dev/lib'),
          PosixPath('/nix/store/mxyi7nahmxs41d2xnyfx9kvanqh3p706-wayland-1.23.1/lib'),
          PosixPath('/nix/store/x2axjgadd07gidd3f9paplyp2rapmq4m-wayland-protocols-1.44/lib'),
          PosixPath('/nix/store/mb8khia6fmk0qf3ddcw2hdrdqyqg1qqw-libXinerama-1.1.5-dev/lib'),
          PosixPath('/nix/store/argsq168sn1bzp81indp4hijx0zmlm7n-libXinerama-1.1.5/lib'),
          PosixPath('/nix/store/n1fxpvhld6bzspgnqfs97j3aall89ggs-cups-2.4.11-dev/lib'),
          PosixPath('/nix/store/hv4fzwsp6pvq05ddzkarq6xkck658sl7-gmp-with-cxx-6.3.0-dev/lib'),
          PosixPath('/nix/store/kxhsmlrscry4pvbpwkbbbxsksmzg0gp0-gmp-with-cxx-6.3.0/lib'),
          PosixPath('/nix/store/dfrcqkg433x11sx4r27qy8pv0dcq9x2g-cups-2.4.11-lib/lib'),
          PosixPath('/nix/store/1dca15318grmmab0jybganadpixapvxf-cups-2.4.11/lib'),
          PosixPath('/nix/store/42dlyn8qbxdp55gxd35xymik0nhy0hdw-gtk+3-3.24.49/lib'),
          PosixPath('/nix/store/kcgqglb4iax0zh5jlrxmjdik93wlgsrq-openssl-3.4.1-dev/lib'),
          PosixPath('/nix/store/rjzx8v679rwd6dsb6s08iy3j2rrax72s-openssl-3.4.1-bin/lib'),
          PosixPath('/nix/store/8pviily4fgsl02ijm65binz236717wfs-openssl-3.4.1/lib'),
          PosixPath('/nix/store/p6bg7qnyh6k15bn9nzzl1d83k6vjnygk-librsvg-2.60.0-dev/lib'),
          PosixPath('/nix/store/14spdmgq38vmzywkkm65s65ab6923y6p-librsvg-2.60.0/lib')],
 'paths': [PosixPath('/nix/store/8hpqrhm7gw0v32d10pmfikyr16mj6bjm-zen-browser-1.13.2b')],
 'recursive': True,
 'runtime_dependencies': []}
setting interpreter of /nix/store/8hpqrhm7gw0v32d10pmfikyr16mj6bjm-zen-browser-1.13.2b/lib/zen-browser/vaapitest
searching for dependencies of /nix/store/8hpqrhm7gw0v32d10pmfikyr16mj6bjm-zen-browser-1.13.2b/lib/zen-browser/vaapitest
    libxcb-shm.so.0 -> found: /nix/store/qn01pv62sbpzbsy0a6m0q23syrmkk3bv-libxcb-1.17.0/lib
    libX11-xcb.so.1 -> found: /nix/store/mpvxc1dbpnk74345lk69dw497iqcjvj0-libX11-1.8.12/lib
    libX11.so.6 -> found: /nix/store/mpvxc1dbpnk74345lk69dw497iqcjvj0-libX11-1.8.12/lib
    libxcb.so.1 -> found: /nix/store/qn01pv62sbpzbsy0a6m0q23syrmkk3bv-libxcb-1.17.0/lib
    libXext.so.6 -> found: /nix/store/gmirqf6vp6rskn2dhfyd7haphy6kjnvk-libXext-1.3.6/lib
    libXrandr.so.2 -> found: /nix/store/0jiignrsjnmzagq2mjd0mjqmjrm2r0rg-libXrandr-1.5.4/lib
    libXcomposite.so.1 -> found: /nix/store/2f3bymk7vw0xik1h31i1a66kq0s6fkfz-libXcomposite-0.4.6/lib
    libXcursor.so.1 -> found: /nix/store/pkxrqwd26nqr7gh9d4gi9wf7hj6rk29a-libXcursor-1.2.3/lib
    libXdamage.so.1 -> found: /nix/store/0k22jqadc3f6nv17myymx0px6k4dsq8q-libXdamage-1.1.6/lib
    libXfixes.so.3 -> found: /nix/store/21aj13sj7jg5ld96s3q7nd40s1iwzfld-libXfixes-6.0.1/lib
    libXi.so.6 -> found: /nix/store/4sfqx63v2k8argz2wmnbspr0rh49y1c1-libXi-1.8.2/lib
    libgtk-3.so.0 -> found: /nix/store/42dlyn8qbxdp55gxd35xymik0nhy0hdw-gtk+3-3.24.49/lib
    libgdk-3.so.0 -> found: /nix/store/42dlyn8qbxdp55gxd35xymik0nhy0hdw-gtk+3-3.24.49/lib
    libpangocairo-1.0.so.0 -> found: /nix/store/z0kbsgnma0mijn5ssqfi3dk9z28bqlwj-pango-1.56.3/lib
    libpango-1.0.so.0 -> found: /nix/store/z0kbsgnma0mijn5ssqfi3dk9z28bqlwj-pango-1.56.3/lib
    libatk-1.0.so.0 -> found: /nix/store/jinw68shm2qwaawr42h0b5ysy5vijv9c-at-spi2-core-2.56.2/lib
    libcairo-gobject.so.2 -> found: /nix/store/41qbms27n02859ja4sc7wsd9mfp3ward-cairo-1.18.2/lib
    libcairo.so.2 -> found: /nix/store/41qbms27n02859ja4sc7wsd9mfp3ward-cairo-1.18.2/lib
    libgdk_pixbuf-2.0.so.0 -> found: /nix/store/cdr8agx3ffy086z30wiysnclrc5m8x69-gdk-pixbuf-2.42.12/lib
    libgio-2.0.so.0 -> found: /nix/store/bkpj51fz88rbyjd60i6lrp0xdax1b24g-glib-2.84.1/lib
    libgobject-2.0.so.0 -> found: /nix/store/bkpj51fz88rbyjd60i6lrp0xdax1b24g-glib-2.84.1/lib
    libglib-2.0.so.0 -> found: /nix/store/bkpj51fz88rbyjd60i6lrp0xdax1b24g-glib-2.84.1/lib
    libstdc++.so.6 -> found: /nix/store/7c0v0kbrrdc2cqgisi78jdqxn73n3401-gcc-14.2.1.20250322-lib/lib
    libgcc_s.so.1 -> found: /nix/store/6hqzbvz50bm87hcj4qfn51gh7arxj8a6-gcc-14.2.1.20250322-libgcc/lib
setting RPATH to: /nix/store/qn01pv62sbpzbsy0a6m0q23syrmkk3bv-libxcb-1.17.0/lib:/nix/store/mpvxc1dbpnk74345lk69dw497iqcjvj0-libX11-1.8.12/lib:/nix/store/gmirqf6vp6rskn2dhfyd7haphy6kjnvk-libXext-1.3.6/lib:/nix/store/0jiignrsjnmzagq2mjd0mjqmjrm2r0rg-libXrandr-1.5.4/lib:/nix/store/2f3bymk7vw0xik1h31i1a66kq0s6fkfz-libXcomposite-0.4.6/lib:/nix/store/pkxrqwd26nqr7gh9d4gi9wf7hj6rk29a-libXcursor-1.2.3/lib:/nix/store/0k22jqadc3f6nv17myymx0px6k4dsq8q-libXdamage-1.1.6/lib:/nix/store/21aj13sj7jg5ld96s3q7nd40s1iwzfld-libXfixes-6.0.1/lib:/nix/store/4sfqx63v2k8argz2wmnbspr0rh49y1c1-libXi-1.8.2/lib:/nix/store/42dlyn8qbxdp55gxd35xymik0nhy0hdw-gtk+3-3.24.49/lib:/nix/store/z0kbsgnma0mijn5ssqfi3dk9z28bqlwj-pango-1.56.3/lib:/nix/store/jinw68shm2qwaawr42h0b5ysy5vijv9c-at-spi2-core-2.56.2/lib:/nix/store/41qbms27n02859ja4sc7wsd9mfp3ward-cairo-1.18.2/lib:/nix/store/cdr8agx3ffy086z30wiysnclrc5m8x69-gdk-pixbuf-2.42.12/lib:/nix/store/bkpj51fz88rbyjd60i6lrp0xdax1b24g-glib-2.84.1/lib:/nix/store/7c0v0kbrrdc2cqgisi78jdqxn73n3401-gcc-14.2.1.20250322-lib/lib:/nix/store/6hqzbvz50bm87hcj4qfn51gh7arxj8a6-gcc-14.2.1.20250322-libgcc/lib
setting interpreter of /nix/store/8hpqrhm7gw0v32d10pmfikyr16mj6bjm-zen-browser-1.13.2b/lib/zen-browser/pingsender
searching for dependencies of /nix/store/8hpqrhm7gw0v32d10pmfikyr16mj6bjm-zen-browser-1.13.2b/lib/zen-browser/pingsender
    libstdc++.so.6 -> found: /nix/store/7c0v0kbrrdc2cqgisi78jdqxn73n3401-gcc-14.2.1.20250322-lib/lib
    libgcc_s.so.1 -> found: /nix/store/6hqzbvz50bm87hcj4qfn51gh7arxj8a6-gcc-14.2.1.20250322-libgcc/lib
setting RPATH to: /nix/store/7c0v0kbrrdc2cqgisi78jdqxn73n3401-gcc-14.2.1.20250322-lib/lib:/nix/store/6hqzbvz50bm87hcj4qfn51gh7arxj8a6-gcc-14.2.1.20250322-libgcc/lib
searching for dependencies of /nix/store/8hpqrhm7gw0v32d10pmfikyr16mj6bjm-zen-browser-1.13.2b/lib/zen-browser/libplds4.so
    libnspr4.so -> found: /nix/store/8hpqrhm7gw0v32d10pmfikyr16mj6bjm-zen-browser-1.13.2b/lib/zen-browser
setting RPATH to: /nix/store/8hpqrhm7gw0v32d10pmfikyr16mj6bjm-zen-browser-1.13.2b/lib/zen-browser
searching for dependencies of /nix/store/8hpqrhm7gw0v32d10pmfikyr16mj6bjm-zen-browser-1.13.2b/lib/zen-browser/libxul.so
    libmozsandbox.so -> found: /nix/store/8hpqrhm7gw0v32d10pmfikyr16mj6bjm-zen-browser-1.13.2b/lib/zen-browser
    libnspr4.so -> found: /nix/store/8hpqrhm7gw0v32d10pmfikyr16mj6bjm-zen-browser-1.13.2b/lib/zen-browser
    libplc4.so -> found: /nix/store/8hpqrhm7gw0v32d10pmfikyr16mj6bjm-zen-browser-1.13.2b/lib/zen-browser
    libplds4.so -> found: /nix/store/8hpqrhm7gw0v32d10pmfikyr16mj6bjm-zen-browser-1.13.2b/lib/zen-browser
    libgkcodecs.so -> found: /nix/store/8hpqrhm7gw0v32d10pmfikyr16mj6bjm-zen-browser-1.13.2b/lib/zen-browser
    liblgpllibs.so -> found: /nix/store/8hpqrhm7gw0v32d10pmfikyr16mj6bjm-zen-browser-1.13.2b/lib/zen-browser
    libnss3.so -> found: /nix/store/8hpqrhm7gw0v32d10pmfikyr16mj6bjm-zen-browser-1.13.2b/lib/zen-browser
    libnssutil3.so -> found: /nix/store/8hpqrhm7gw0v32d10pmfikyr16mj6bjm-zen-browser-1.13.2b/lib/zen-browser
    libsmime3.so -> found: /nix/store/8hpqrhm7gw0v32d10pmfikyr16mj6bjm-zen-browser-1.13.2b/lib/zen-browser
    libmozsqlite3.so -> found: /nix/store/8hpqrhm7gw0v32d10pmfikyr16mj6bjm-zen-browser-1.13.2b/lib/zen-browser
    libssl3.so -> found: /nix/store/8hpqrhm7gw0v32d10pmfikyr16mj6bjm-zen-browser-1.13.2b/lib/zen-browser
    libmozgtk.so -> found: /nix/store/8hpqrhm7gw0v32d10pmfikyr16mj6bjm-zen-browser-1.13.2b/lib/zen-browser
    libmozwayland.so -> found: /nix/store/8hpqrhm7gw0v32d10pmfikyr16mj6bjm-zen-browser-1.13.2b/lib/zen-browser
    libX11.so.6 -> found: /nix/store/mpvxc1dbpnk74345lk69dw497iqcjvj0-libX11-1.8.12/lib
    libXcomposite.so.1 -> found: /nix/store/2f3bymk7vw0xik1h31i1a66kq0s6fkfz-libXcomposite-0.4.6/lib
    libXdamage.so.1 -> found: /nix/store/0k22jqadc3f6nv17myymx0px6k4dsq8q-libXdamage-1.1.6/lib
    libXext.so.6 -> found: /nix/store/gmirqf6vp6rskn2dhfyd7haphy6kjnvk-libXext-1.3.6/lib
    libXfixes.so.3 -> found: /nix/store/21aj13sj7jg5ld96s3q7nd40s1iwzfld-libXfixes-6.0.1/lib
    libXrandr.so.2 -> found: /nix/store/0jiignrsjnmzagq2mjd0mjqmjrm2r0rg-libXrandr-1.5.4/lib
    libXrender.so.1 -> found: /nix/store/pbg3xkihyscyx3978z0pfc0xixb10pf6-libXrender-0.9.12/lib
    libasound.so.2 -> not found!
    libfreetype.so.6 -> found: /nix/store/5i64l61if26whc3r9lzq6ycxpd2xnlgm-freetype-2.13.3/lib
    libfontconfig.so.1 -> found: /nix/store/ldn53xpxivf489d7z673c95fkihs5l8r-fontconfig-2.16.0-lib/lib
    libgtk-3.so.0 -> found: /nix/store/42dlyn8qbxdp55gxd35xymik0nhy0hdw-gtk+3-3.24.49/lib
    libgdk-3.so.0 -> found: /nix/store/42dlyn8qbxdp55gxd35xymik0nhy0hdw-gtk+3-3.24.49/lib
    libpangocairo-1.0.so.0 -> found: /nix/store/z0kbsgnma0mijn5ssqfi3dk9z28bqlwj-pango-1.56.3/lib
    libpango-1.0.so.0 -> found: /nix/store/z0kbsgnma0mijn5ssqfi3dk9z28bqlwj-pango-1.56.3/lib
    libatk-1.0.so.0 -> found: /nix/store/jinw68shm2qwaawr42h0b5ysy5vijv9c-at-spi2-core-2.56.2/lib
    libcairo-gobject.so.2 -> found: /nix/store/41qbms27n02859ja4sc7wsd9mfp3ward-cairo-1.18.2/lib
    libcairo.so.2 -> found: /nix/store/41qbms27n02859ja4sc7wsd9mfp3ward-cairo-1.18.2/lib
    libgdk_pixbuf-2.0.so.0 -> found: /nix/store/cdr8agx3ffy086z30wiysnclrc5m8x69-gdk-pixbuf-2.42.12/lib
    libgio-2.0.so.0 -> found: /nix/store/bkpj51fz88rbyjd60i6lrp0xdax1b24g-glib-2.84.1/lib
    libgobject-2.0.so.0 -> found: /nix/store/bkpj51fz88rbyjd60i6lrp0xdax1b24g-glib-2.84.1/lib
    libglib-2.0.so.0 -> found: /nix/store/bkpj51fz88rbyjd60i6lrp0xdax1b24g-glib-2.84.1/lib
    libdbus-1.so.3 -> found: /nix/store/yi0knhi2qccafj49a8yd76rizllzx7bd-dbus-1.14.10-lib/lib
    libxcb-shm.so.0 -> found: /nix/store/qn01pv62sbpzbsy0a6m0q23syrmkk3bv-libxcb-1.17.0/lib
    libX11-xcb.so.1 -> found: /nix/store/mpvxc1dbpnk74345lk69dw497iqcjvj0-libX11-1.8.12/lib
    libxcb.so.1 -> found: /nix/store/qn01pv62sbpzbsy0a6m0q23syrmkk3bv-libxcb-1.17.0/lib
    libXcursor.so.1 -> found: /nix/store/pkxrqwd26nqr7gh9d4gi9wf7hj6rk29a-libXcursor-1.2.3/lib
    libXi.so.6 -> found: /nix/store/4sfqx63v2k8argz2wmnbspr0rh49y1c1-libXi-1.8.2/lib
    libstdc++.so.6 -> found: /nix/store/7c0v0kbrrdc2cqgisi78jdqxn73n3401-gcc-14.2.1.20250322-lib/lib
    libgcc_s.so.1 -> found: /nix/store/6hqzbvz50bm87hcj4qfn51gh7arxj8a6-gcc-14.2.1.20250322-libgcc/lib
setting RPATH to: /nix/store/8hpqrhm7gw0v32d10pmfikyr16mj6bjm-zen-browser-1.13.2b/lib/zen-browser:/nix/store/mpvxc1dbpnk74345lk69dw497iqcjvj0-libX11-1.8.12/lib:/nix/store/2f3bymk7vw0xik1h31i1a66kq0s6fkfz-libXcomposite-0.4.6/lib:/nix/store/0k22jqadc3f6nv17myymx0px6k4dsq8q-libXdamage-1.1.6/lib:/nix/store/gmirqf6vp6rskn2dhfyd7haphy6kjnvk-libXext-1.3.6/lib:/nix/store/21aj13sj7jg5ld96s3q7nd40s1iwzfld-libXfixes-6.0.1/lib:/nix/store/0jiignrsjnmzagq2mjd0mjqmjrm2r0rg-libXrandr-1.5.4/lib:/nix/store/pbg3xkihyscyx3978z0pfc0xixb10pf6-libXrender-0.9.12/lib:/nix/store/5i64l61if26whc3r9lzq6ycxpd2xnlgm-freetype-2.13.3/lib:/nix/store/ldn53xpxivf489d7z673c95fkihs5l8r-fontconfig-2.16.0-lib/lib:/nix/store/42dlyn8qbxdp55gxd35xymik0nhy0hdw-gtk+3-3.24.49/lib:/nix/store/z0kbsgnma0mijn5ssqfi3dk9z28bqlwj-pango-1.56.3/lib:/nix/store/jinw68shm2qwaawr42h0b5ysy5vijv9c-at-spi2-core-2.56.2/lib:/nix/store/41qbms27n02859ja4sc7wsd9mfp3ward-cairo-1.18.2/lib:/nix/store/cdr8agx3ffy086z30wiysnclrc5m8x69-gdk-pixbuf-2.42.12/lib:/nix/store/bkpj51fz88rbyjd60i6lrp0xdax1b24g-glib-2.84.1/lib:/nix/store/yi0knhi2qccafj49a8yd76rizllzx7bd-dbus-1.14.10-lib/lib:/nix/store/qn01pv62sbpzbsy0a6m0q23syrmkk3bv-libxcb-1.17.0/lib:/nix/store/pkxrqwd26nqr7gh9d4gi9wf7hj6rk29a-libXcursor-1.2.3/lib:/nix/store/4sfqx63v2k8argz2wmnbspr0rh49y1c1-libXi-1.8.2/lib:/nix/store/7c0v0kbrrdc2cqgisi78jdqxn73n3401-gcc-14.2.1.20250322-lib/lib:/nix/store/6hqzbvz50bm87hcj4qfn51gh7arxj8a6-gcc-14.2.1.20250322-libgcc/lib
setting interpreter of /nix/store/8hpqrhm7gw0v32d10pmfikyr16mj6bjm-zen-browser-1.13.2b/lib/zen-browser/zen-bin
searching for dependencies of /nix/store/8hpqrhm7gw0v32d10pmfikyr16mj6bjm-zen-browser-1.13.2b/lib/zen-browser/zen-bin
    libstdc++.so.6 -> found: /nix/store/7c0v0kbrrdc2cqgisi78jdqxn73n3401-gcc-14.2.1.20250322-lib/lib
    libgcc_s.so.1 -> found: /nix/store/6hqzbvz50bm87hcj4qfn51gh7arxj8a6-gcc-14.2.1.20250322-libgcc/lib
setting RPATH to: /nix/store/7c0v0kbrrdc2cqgisi78jdqxn73n3401-gcc-14.2.1.20250322-lib/lib:/nix/store/6hqzbvz50bm87hcj4qfn51gh7arxj8a6-gcc-14.2.1.20250322-libgcc/lib
searching for dependencies of /nix/store/8hpqrhm7gw0v32d10pmfikyr16mj6bjm-zen-browser-1.13.2b/lib/zen-browser/libsoftokn3.so
    libnspr4.so -> found: /nix/store/8hpqrhm7gw0v32d10pmfikyr16mj6bjm-zen-browser-1.13.2b/lib/zen-browser
    libplc4.so -> found: /nix/store/8hpqrhm7gw0v32d10pmfikyr16mj6bjm-zen-browser-1.13.2b/lib/zen-browser
    libplds4.so -> found: /nix/store/8hpqrhm7gw0v32d10pmfikyr16mj6bjm-zen-browser-1.13.2b/lib/zen-browser
    libnssutil3.so -> found: /nix/store/8hpqrhm7gw0v32d10pmfikyr16mj6bjm-zen-browser-1.13.2b/lib/zen-browser
    libmozsqlite3.so -> found: /nix/store/8hpqrhm7gw0v32d10pmfikyr16mj6bjm-zen-browser-1.13.2b/lib/zen-browser
setting RPATH to: /nix/store/8hpqrhm7gw0v32d10pmfikyr16mj6bjm-zen-browser-1.13.2b/lib/zen-browser
setting interpreter of /nix/store/8hpqrhm7gw0v32d10pmfikyr16mj6bjm-zen-browser-1.13.2b/lib/zen-browser/glxtest
searching for dependencies of /nix/store/8hpqrhm7gw0v32d10pmfikyr16mj6bjm-zen-browser-1.13.2b/lib/zen-browser/glxtest
    libxcb-shm.so.0 -> found: /nix/store/qn01pv62sbpzbsy0a6m0q23syrmkk3bv-libxcb-1.17.0/lib
    libX11-xcb.so.1 -> found: /nix/store/mpvxc1dbpnk74345lk69dw497iqcjvj0-libX11-1.8.12/lib
    libX11.so.6 -> found: /nix/store/mpvxc1dbpnk74345lk69dw497iqcjvj0-libX11-1.8.12/lib
    libxcb.so.1 -> found: /nix/store/qn01pv62sbpzbsy0a6m0q23syrmkk3bv-libxcb-1.17.0/lib
    libXext.so.6 -> found: /nix/store/gmirqf6vp6rskn2dhfyd7haphy6kjnvk-libXext-1.3.6/lib
    libXrandr.so.2 -> found: /nix/store/0jiignrsjnmzagq2mjd0mjqmjrm2r0rg-libXrandr-1.5.4/lib
    libXcomposite.so.1 -> found: /nix/store/2f3bymk7vw0xik1h31i1a66kq0s6fkfz-libXcomposite-0.4.6/lib
    libXcursor.so.1 -> found: /nix/store/pkxrqwd26nqr7gh9d4gi9wf7hj6rk29a-libXcursor-1.2.3/lib
    libXdamage.so.1 -> found: /nix/store/0k22jqadc3f6nv17myymx0px6k4dsq8q-libXdamage-1.1.6/lib
    libXfixes.so.3 -> found: /nix/store/21aj13sj7jg5ld96s3q7nd40s1iwzfld-libXfixes-6.0.1/lib
    libXi.so.6 -> found: /nix/store/4sfqx63v2k8argz2wmnbspr0rh49y1c1-libXi-1.8.2/lib
    libgtk-3.so.0 -> found: /nix/store/42dlyn8qbxdp55gxd35xymik0nhy0hdw-gtk+3-3.24.49/lib
    libgdk-3.so.0 -> found: /nix/store/42dlyn8qbxdp55gxd35xymik0nhy0hdw-gtk+3-3.24.49/lib
    libpangocairo-1.0.so.0 -> found: /nix/store/z0kbsgnma0mijn5ssqfi3dk9z28bqlwj-pango-1.56.3/lib
    libpango-1.0.so.0 -> found: /nix/store/z0kbsgnma0mijn5ssqfi3dk9z28bqlwj-pango-1.56.3/lib
    libatk-1.0.so.0 -> found: /nix/store/jinw68shm2qwaawr42h0b5ysy5vijv9c-at-spi2-core-2.56.2/lib
    libcairo-gobject.so.2 -> found: /nix/store/41qbms27n02859ja4sc7wsd9mfp3ward-cairo-1.18.2/lib
    libcairo.so.2 -> found: /nix/store/41qbms27n02859ja4sc7wsd9mfp3ward-cairo-1.18.2/lib
    libgdk_pixbuf-2.0.so.0 -> found: /nix/store/cdr8agx3ffy086z30wiysnclrc5m8x69-gdk-pixbuf-2.42.12/lib
    libgio-2.0.so.0 -> found: /nix/store/bkpj51fz88rbyjd60i6lrp0xdax1b24g-glib-2.84.1/lib
    libgobject-2.0.so.0 -> found: /nix/store/bkpj51fz88rbyjd60i6lrp0xdax1b24g-glib-2.84.1/lib
    libglib-2.0.so.0 -> found: /nix/store/bkpj51fz88rbyjd60i6lrp0xdax1b24g-glib-2.84.1/lib
    libstdc++.so.6 -> found: /nix/store/7c0v0kbrrdc2cqgisi78jdqxn73n3401-gcc-14.2.1.20250322-lib/lib
    libgcc_s.so.1 -> found: /nix/store/6hqzbvz50bm87hcj4qfn51gh7arxj8a6-gcc-14.2.1.20250322-libgcc/lib
setting RPATH to: /nix/store/qn01pv62sbpzbsy0a6m0q23syrmkk3bv-libxcb-1.17.0/lib:/nix/store/mpvxc1dbpnk74345lk69dw497iqcjvj0-libX11-1.8.12/lib:/nix/store/gmirqf6vp6rskn2dhfyd7haphy6kjnvk-libXext-1.3.6/lib:/nix/store/0jiignrsjnmzagq2mjd0mjqmjrm2r0rg-libXrandr-1.5.4/lib:/nix/store/2f3bymk7vw0xik1h31i1a66kq0s6fkfz-libXcomposite-0.4.6/lib:/nix/store/pkxrqwd26nqr7gh9d4gi9wf7hj6rk29a-libXcursor-1.2.3/lib:/nix/store/0k22jqadc3f6nv17myymx0px6k4dsq8q-libXdamage-1.1.6/lib:/nix/store/21aj13sj7jg5ld96s3q7nd40s1iwzfld-libXfixes-6.0.1/lib:/nix/store/4sfqx63v2k8argz2wmnbspr0rh49y1c1-libXi-1.8.2/lib:/nix/store/42dlyn8qbxdp55gxd35xymik0nhy0hdw-gtk+3-3.24.49/lib:/nix/store/z0kbsgnma0mijn5ssqfi3dk9z28bqlwj-pango-1.56.3/lib:/nix/store/jinw68shm2qwaawr42h0b5ysy5vijv9c-at-spi2-core-2.56.2/lib:/nix/store/41qbms27n02859ja4sc7wsd9mfp3ward-cairo-1.18.2/lib:/nix/store/cdr8agx3ffy086z30wiysnclrc5m8x69-gdk-pixbuf-2.42.12/lib:/nix/store/bkpj51fz88rbyjd60i6lrp0xdax1b24g-glib-2.84.1/lib:/nix/store/7c0v0kbrrdc2cqgisi78jdqxn73n3401-gcc-14.2.1.20250322-lib/lib:/nix/store/6hqzbvz50bm87hcj4qfn51gh7arxj8a6-gcc-14.2.1.20250322-libgcc/lib
searching for dependencies of /nix/store/8hpqrhm7gw0v32d10pmfikyr16mj6bjm-zen-browser-1.13.2b/lib/zen-browser/libsmime3.so
    libnspr4.so -> found: /nix/store/8hpqrhm7gw0v32d10pmfikyr16mj6bjm-zen-browser-1.13.2b/lib/zen-browser
    libplc4.so -> found: /nix/store/8hpqrhm7gw0v32d10pmfikyr16mj6bjm-zen-browser-1.13.2b/lib/zen-browser
    libplds4.so -> found: /nix/store/8hpqrhm7gw0v32d10pmfikyr16mj6bjm-zen-browser-1.13.2b/lib/zen-browser
    libnss3.so -> found: /nix/store/8hpqrhm7gw0v32d10pmfikyr16mj6bjm-zen-browser-1.13.2b/lib/zen-browser
    libnssutil3.so -> found: /nix/store/8hpqrhm7gw0v32d10pmfikyr16mj6bjm-zen-browser-1.13.2b/lib/zen-browser
setting RPATH to: /nix/store/8hpqrhm7gw0v32d10pmfikyr16mj6bjm-zen-browser-1.13.2b/lib/zen-browser
searching for dependencies of /nix/store/8hpqrhm7gw0v32d10pmfikyr16mj6bjm-zen-browser-1.13.2b/lib/zen-browser/libplc4.so
    libnspr4.so -> found: /nix/store/8hpqrhm7gw0v32d10pmfikyr16mj6bjm-zen-browser-1.13.2b/lib/zen-browser
setting RPATH to: /nix/store/8hpqrhm7gw0v32d10pmfikyr16mj6bjm-zen-browser-1.13.2b/lib/zen-browser
searching for dependencies of /nix/store/8hpqrhm7gw0v32d10pmfikyr16mj6bjm-zen-browser-1.13.2b/lib/zen-browser/libnss3.so
    libnspr4.so -> found: /nix/store/8hpqrhm7gw0v32d10pmfikyr16mj6bjm-zen-browser-1.13.2b/lib/zen-browser
    libplc4.so -> found: /nix/store/8hpqrhm7gw0v32d10pmfikyr16mj6bjm-zen-browser-1.13.2b/lib/zen-browser
    libplds4.so -> found: /nix/store/8hpqrhm7gw0v32d10pmfikyr16mj6bjm-zen-browser-1.13.2b/lib/zen-browser
    libnssutil3.so -> found: /nix/store/8hpqrhm7gw0v32d10pmfikyr16mj6bjm-zen-browser-1.13.2b/lib/zen-browser
setting RPATH to: /nix/store/8hpqrhm7gw0v32d10pmfikyr16mj6bjm-zen-browser-1.13.2b/lib/zen-browser
searching for dependencies of /nix/store/8hpqrhm7gw0v32d10pmfikyr16mj6bjm-zen-browser-1.13.2b/lib/zen-browser/liblgpllibs.so
    libstdc++.so.6 -> found: /nix/store/7c0v0kbrrdc2cqgisi78jdqxn73n3401-gcc-14.2.1.20250322-lib/lib
    libgcc_s.so.1 -> found: /nix/store/6hqzbvz50bm87hcj4qfn51gh7arxj8a6-gcc-14.2.1.20250322-libgcc/lib
setting RPATH to: /nix/store/7c0v0kbrrdc2cqgisi78jdqxn73n3401-gcc-14.2.1.20250322-lib/lib:/nix/store/6hqzbvz50bm87hcj4qfn51gh7arxj8a6-gcc-14.2.1.20250322-libgcc/lib
searching for dependencies of /nix/store/8hpqrhm7gw0v32d10pmfikyr16mj6bjm-zen-browser-1.13.2b/lib/zen-browser/libmozavcodec.so
    libgkcodecs.so -> found: /nix/store/8hpqrhm7gw0v32d10pmfikyr16mj6bjm-zen-browser-1.13.2b/lib/zen-browser
    libmozavutil.so -> found: /nix/store/8hpqrhm7gw0v32d10pmfikyr16mj6bjm-zen-browser-1.13.2b/lib/zen-browser
    libstdc++.so.6 -> found: /nix/store/7c0v0kbrrdc2cqgisi78jdqxn73n3401-gcc-14.2.1.20250322-lib/lib
    libgcc_s.so.1 -> found: /nix/store/6hqzbvz50bm87hcj4qfn51gh7arxj8a6-gcc-14.2.1.20250322-libgcc/lib
setting RPATH to: /nix/store/8hpqrhm7gw0v32d10pmfikyr16mj6bjm-zen-browser-1.13.2b/lib/zen-browser:/nix/store/7c0v0kbrrdc2cqgisi78jdqxn73n3401-gcc-14.2.1.20250322-lib/lib:/nix/store/6hqzbvz50bm87hcj4qfn51gh7arxj8a6-gcc-14.2.1.20250322-libgcc/lib
searching for dependencies of /nix/store/8hpqrhm7gw0v32d10pmfikyr16mj6bjm-zen-browser-1.13.2b/lib/zen-browser/libmozgtk.so
    libgtk-3.so.0 -> found: /nix/store/42dlyn8qbxdp55gxd35xymik0nhy0hdw-gtk+3-3.24.49/lib
    libgdk-3.so.0 -> found: /nix/store/42dlyn8qbxdp55gxd35xymik0nhy0hdw-gtk+3-3.24.49/lib
setting RPATH to: /nix/store/42dlyn8qbxdp55gxd35xymik0nhy0hdw-gtk+3-3.24.49/lib
searching for dependencies of /nix/store/8hpqrhm7gw0v32d10pmfikyr16mj6bjm-zen-browser-1.13.2b/lib/zen-browser/libmozavutil.so
    libgkcodecs.so -> found: /nix/store/8hpqrhm7gw0v32d10pmfikyr16mj6bjm-zen-browser-1.13.2b/lib/zen-browser
setting RPATH to: /nix/store/8hpqrhm7gw0v32d10pmfikyr16mj6bjm-zen-browser-1.13.2b/lib/zen-browser
searching for dependencies of /nix/store/8hpqrhm7gw0v32d10pmfikyr16mj6bjm-zen-browser-1.13.2b/lib/zen-browser/libfreeblpriv3.so
    libnspr4.so -> found: /nix/store/8hpqrhm7gw0v32d10pmfikyr16mj6bjm-zen-browser-1.13.2b/lib/zen-browser
    libplc4.so -> found: /nix/store/8hpqrhm7gw0v32d10pmfikyr16mj6bjm-zen-browser-1.13.2b/lib/zen-browser
    libplds4.so -> found: /nix/store/8hpqrhm7gw0v32d10pmfikyr16mj6bjm-zen-browser-1.13.2b/lib/zen-browser
setting RPATH to: /nix/store/8hpqrhm7gw0v32d10pmfikyr16mj6bjm-zen-browser-1.13.2b/lib/zen-browser
searching for dependencies of /nix/store/8hpqrhm7gw0v32d10pmfikyr16mj6bjm-zen-browser-1.13.2b/lib/zen-browser/libmozwayland.so
searching for dependencies of /nix/store/8hpqrhm7gw0v32d10pmfikyr16mj6bjm-zen-browser-1.13.2b/lib/zen-browser/libnssutil3.so
    libnspr4.so -> found: /nix/store/8hpqrhm7gw0v32d10pmfikyr16mj6bjm-zen-browser-1.13.2b/lib/zen-browser
    libplc4.so -> found: /nix/store/8hpqrhm7gw0v32d10pmfikyr16mj6bjm-zen-browser-1.13.2b/lib/zen-browser
    libplds4.so -> found: /nix/store/8hpqrhm7gw0v32d10pmfikyr16mj6bjm-zen-browser-1.13.2b/lib/zen-browser
setting RPATH to: /nix/store/8hpqrhm7gw0v32d10pmfikyr16mj6bjm-zen-browser-1.13.2b/lib/zen-browser
setting interpreter of /nix/store/8hpqrhm7gw0v32d10pmfikyr16mj6bjm-zen-browser-1.13.2b/lib/zen-browser/updater
searching for dependencies of /nix/store/8hpqrhm7gw0v32d10pmfikyr16mj6bjm-zen-browser-1.13.2b/lib/zen-browser/updater
    libnspr4.so -> found: /nix/store/8hpqrhm7gw0v32d10pmfikyr16mj6bjm-zen-browser-1.13.2b/lib/zen-browser
    libplc4.so -> found: /nix/store/8hpqrhm7gw0v32d10pmfikyr16mj6bjm-zen-browser-1.13.2b/lib/zen-browser
    libplds4.so -> found: /nix/store/8hpqrhm7gw0v32d10pmfikyr16mj6bjm-zen-browser-1.13.2b/lib/zen-browser
    libnss3.so -> found: /nix/store/8hpqrhm7gw0v32d10pmfikyr16mj6bjm-zen-browser-1.13.2b/lib/zen-browser
    libnssutil3.so -> found: /nix/store/8hpqrhm7gw0v32d10pmfikyr16mj6bjm-zen-browser-1.13.2b/lib/zen-browser
    libsmime3.so -> found: /nix/store/8hpqrhm7gw0v32d10pmfikyr16mj6bjm-zen-browser-1.13.2b/lib/zen-browser
    libmozsqlite3.so -> found: /nix/store/8hpqrhm7gw0v32d10pmfikyr16mj6bjm-zen-browser-1.13.2b/lib/zen-browser
    libssl3.so -> found: /nix/store/8hpqrhm7gw0v32d10pmfikyr16mj6bjm-zen-browser-1.13.2b/lib/zen-browser
    libgtk-3.so.0 -> found: /nix/store/42dlyn8qbxdp55gxd35xymik0nhy0hdw-gtk+3-3.24.49/lib
    libgdk-3.so.0 -> found: /nix/store/42dlyn8qbxdp55gxd35xymik0nhy0hdw-gtk+3-3.24.49/lib
    libpangocairo-1.0.so.0 -> found: /nix/store/z0kbsgnma0mijn5ssqfi3dk9z28bqlwj-pango-1.56.3/lib
    libpango-1.0.so.0 -> found: /nix/store/z0kbsgnma0mijn5ssqfi3dk9z28bqlwj-pango-1.56.3/lib
    libatk-1.0.so.0 -> found: /nix/store/jinw68shm2qwaawr42h0b5ysy5vijv9c-at-spi2-core-2.56.2/lib
    libcairo-gobject.so.2 -> found: /nix/store/41qbms27n02859ja4sc7wsd9mfp3ward-cairo-1.18.2/lib
    libcairo.so.2 -> found: /nix/store/41qbms27n02859ja4sc7wsd9mfp3ward-cairo-1.18.2/lib
    libgdk_pixbuf-2.0.so.0 -> found: /nix/store/cdr8agx3ffy086z30wiysnclrc5m8x69-gdk-pixbuf-2.42.12/lib
    libgio-2.0.so.0 -> found: /nix/store/bkpj51fz88rbyjd60i6lrp0xdax1b24g-glib-2.84.1/lib
    libgobject-2.0.so.0 -> found: /nix/store/bkpj51fz88rbyjd60i6lrp0xdax1b24g-glib-2.84.1/lib
    libglib-2.0.so.0 -> found: /nix/store/bkpj51fz88rbyjd60i6lrp0xdax1b24g-glib-2.84.1/lib
    libstdc++.so.6 -> found: /nix/store/7c0v0kbrrdc2cqgisi78jdqxn73n3401-gcc-14.2.1.20250322-lib/lib
    libgcc_s.so.1 -> found: /nix/store/6hqzbvz50bm87hcj4qfn51gh7arxj8a6-gcc-14.2.1.20250322-libgcc/lib
setting RPATH to: /nix/store/8hpqrhm7gw0v32d10pmfikyr16mj6bjm-zen-browser-1.13.2b/lib/zen-browser:/nix/store/42dlyn8qbxdp55gxd35xymik0nhy0hdw-gtk+3-3.24.49/lib:/nix/store/z0kbsgnma0mijn5ssqfi3dk9z28bqlwj-pango-1.56.3/lib:/nix/store/jinw68shm2qwaawr42h0b5ysy5vijv9c-at-spi2-core-2.56.2/lib:/nix/store/41qbms27n02859ja4sc7wsd9mfp3ward-cairo-1.18.2/lib:/nix/store/cdr8agx3ffy086z30wiysnclrc5m8x69-gdk-pixbuf-2.42.12/lib:/nix/store/bkpj51fz88rbyjd60i6lrp0xdax1b24g-glib-2.84.1/lib:/nix/store/7c0v0kbrrdc2cqgisi78jdqxn73n3401-gcc-14.2.1.20250322-lib/lib:/nix/store/6hqzbvz50bm87hcj4qfn51gh7arxj8a6-gcc-14.2.1.20250322-libgcc/lib
searching for dependencies of /nix/store/8hpqrhm7gw0v32d10pmfikyr16mj6bjm-zen-browser-1.13.2b/lib/zen-browser/libnspr4.so
searching for dependencies of /nix/store/8hpqrhm7gw0v32d10pmfikyr16mj6bjm-zen-browser-1.13.2b/lib/zen-browser/libssl3.so
    libnspr4.so -> found: /nix/store/8hpqrhm7gw0v32d10pmfikyr16mj6bjm-zen-browser-1.13.2b/lib/zen-browser
    libplc4.so -> found: /nix/store/8hpqrhm7gw0v32d10pmfikyr16mj6bjm-zen-browser-1.13.2b/lib/zen-browser
    libplds4.so -> found: /nix/store/8hpqrhm7gw0v32d10pmfikyr16mj6bjm-zen-browser-1.13.2b/lib/zen-browser
    libnss3.so -> found: /nix/store/8hpqrhm7gw0v32d10pmfikyr16mj6bjm-zen-browser-1.13.2b/lib/zen-browser
    libnssutil3.so -> found: /nix/store/8hpqrhm7gw0v32d10pmfikyr16mj6bjm-zen-browser-1.13.2b/lib/zen-browser
setting RPATH to: /nix/store/8hpqrhm7gw0v32d10pmfikyr16mj6bjm-zen-browser-1.13.2b/lib/zen-browser
setting interpreter of /nix/store/8hpqrhm7gw0v32d10pmfikyr16mj6bjm-zen-browser-1.13.2b/lib/zen-browser/zen
searching for dependencies of /nix/store/8hpqrhm7gw0v32d10pmfikyr16mj6bjm-zen-browser-1.13.2b/lib/zen-browser/zen
    libstdc++.so.6 -> found: /nix/store/7c0v0kbrrdc2cqgisi78jdqxn73n3401-gcc-14.2.1.20250322-lib/lib
    libgcc_s.so.1 -> found: /nix/store/6hqzbvz50bm87hcj4qfn51gh7arxj8a6-gcc-14.2.1.20250322-libgcc/lib
setting RPATH to: /nix/store/7c0v0kbrrdc2cqgisi78jdqxn73n3401-gcc-14.2.1.20250322-lib/lib:/nix/store/6hqzbvz50bm87hcj4qfn51gh7arxj8a6-gcc-14.2.1.20250322-libgcc/lib
searching for dependencies of /nix/store/8hpqrhm7gw0v32d10pmfikyr16mj6bjm-zen-browser-1.13.2b/lib/zen-browser/libmozsandbox.so
    libnspr4.so -> found: /nix/store/8hpqrhm7gw0v32d10pmfikyr16mj6bjm-zen-browser-1.13.2b/lib/zen-browser
    libplc4.so -> found: /nix/store/8hpqrhm7gw0v32d10pmfikyr16mj6bjm-zen-browser-1.13.2b/lib/zen-browser
    libplds4.so -> found: /nix/store/8hpqrhm7gw0v32d10pmfikyr16mj6bjm-zen-browser-1.13.2b/lib/zen-browser
    libstdc++.so.6 -> found: /nix/store/7c0v0kbrrdc2cqgisi78jdqxn73n3401-gcc-14.2.1.20250322-lib/lib
    libgcc_s.so.1 -> found: /nix/store/6hqzbvz50bm87hcj4qfn51gh7arxj8a6-gcc-14.2.1.20250322-libgcc/lib
setting RPATH to: /nix/store/8hpqrhm7gw0v32d10pmfikyr16mj6bjm-zen-browser-1.13.2b/lib/zen-browser:/nix/store/7c0v0kbrrdc2cqgisi78jdqxn73n3401-gcc-14.2.1.20250322-lib/lib:/nix/store/6hqzbvz50bm87hcj4qfn51gh7arxj8a6-gcc-14.2.1.20250322-libgcc/lib
searching for dependencies of /nix/store/8hpqrhm7gw0v32d10pmfikyr16mj6bjm-zen-browser-1.13.2b/lib/zen-browser/libgkcodecs.so
    libstdc++.so.6 -> found: /nix/store/7c0v0kbrrdc2cqgisi78jdqxn73n3401-gcc-14.2.1.20250322-lib/lib
    libgcc_s.so.1 -> found: /nix/store/6hqzbvz50bm87hcj4qfn51gh7arxj8a6-gcc-14.2.1.20250322-libgcc/lib
setting RPATH to: /nix/store/7c0v0kbrrdc2cqgisi78jdqxn73n3401-gcc-14.2.1.20250322-lib/lib:/nix/store/6hqzbvz50bm87hcj4qfn51gh7arxj8a6-gcc-14.2.1.20250322-libgcc/lib
searching for dependencies of /nix/store/8hpqrhm7gw0v32d10pmfikyr16mj6bjm-zen-browser-1.13.2b/lib/zen-browser/libmozsqlite3.so
searching for dependencies of /nix/store/8hpqrhm7gw0v32d10pmfikyr16mj6bjm-zen-browser-1.13.2b/lib/zen-browser/gmp-clearkey/0.1/libclearkey.so
    libnss3.so -> found: /nix/store/8hpqrhm7gw0v32d10pmfikyr16mj6bjm-zen-browser-1.13.2b/lib/zen-browser
    libnssutil3.so -> found: /nix/store/8hpqrhm7gw0v32d10pmfikyr16mj6bjm-zen-browser-1.13.2b/lib/zen-browser
    libsmime3.so -> found: /nix/store/8hpqrhm7gw0v32d10pmfikyr16mj6bjm-zen-browser-1.13.2b/lib/zen-browser
    libmozsqlite3.so -> found: /nix/store/8hpqrhm7gw0v32d10pmfikyr16mj6bjm-zen-browser-1.13.2b/lib/zen-browser
    libssl3.so -> found: /nix/store/8hpqrhm7gw0v32d10pmfikyr16mj6bjm-zen-browser-1.13.2b/lib/zen-browser
    libstdc++.so.6 -> found: /nix/store/7c0v0kbrrdc2cqgisi78jdqxn73n3401-gcc-14.2.1.20250322-lib/lib
    libgcc_s.so.1 -> found: /nix/store/6hqzbvz50bm87hcj4qfn51gh7arxj8a6-gcc-14.2.1.20250322-libgcc/lib
setting RPATH to: /nix/store/8hpqrhm7gw0v32d10pmfikyr16mj6bjm-zen-browser-1.13.2b/lib/zen-browser:/nix/store/7c0v0kbrrdc2cqgisi78jdqxn73n3401-gcc-14.2.1.20250322-lib/lib:/nix/store/6hqzbvz50bm87hcj4qfn51gh7arxj8a6-gcc-14.2.1.20250322-libgcc/lib
auto-patchelf: 1 dependencies could not be satisfied
error: auto-patchelf could not satisfy dependency libasound.so.2 wanted by /nix/store/8hpqrhm7gw0v32d10pmfikyr16mj6bjm-zen-browser-1.13.2b/lib/zen-browser/libxul.so
auto-patchelf failed to find all the required dependencies.
Add the missing dependencies to --libs or use `--ignore-missing="foo.so.1 bar.so etc.so"`.
